




<!DOCTYPE html>
<html>
<head>
	<meta charset='UTF-8' /> 
	<meta name='description' content='' />
	<meta name='robots' content='noodp, noydir' />
	<meta name='viewport' content='width=device-width, initial-scale=1' />
	<meta id="timeStampFormat" name="timeStampFormat" content='MMM d, yyyy hh:mm:ss a'/>
	
        <link href='http://fonts.googleapis.com/css?family=Source+Sans+Pro:400,600' rel='stylesheet' type='text/css' />
        <link href="http://fonts.googleapis.com/icon?family=Material+Icons" rel="stylesheet" />
        <link href='http://cdn.jsdelivr.net/gh/extent-framework/extent-github-cdn@ff53917fbbdb5ef820abbbe4d199a6942dc771ff/v3html/css/extent.css' type='text/css' rel='stylesheet' />
	
	<title></title>

	<style type='text/css'>
		/* json-tree */
		.jstBracket,.jstComma,.jstValue{white-space:pre-wrap}.jstValue{font-size:10px;font-weight:400;font-family:"Lucida Console",Monaco,monospace}.jstProperty{color:#666;word-wrap:break-word}.jstBool{color:#2525CC}.jstNum{color:#D036D0}.jstNull{color:gray}.jstStr{color:#2DB669}.jstFold:after{content:' -';cursor:pointer}.jstExpand{white-space:normal}.jstExpand:after{content:' +';cursor:pointer}.jstFolded{white-space:normal!important}.jstHiddenBlock{display:none}
			
	</style>
	
	<script type="text/javascript">
		/*! json-tree - v0.2.2 - 2017-09-25, MIT LICENSE */
		var JSONTree=function(){var n={"&":"&amp;","<":"&lt;",">":"&gt;",'"':"&quot;","'":"&#x27;","/":"&#x2F;"},t=0,r=0;this.create=function(n,t){return r+=1,N(u(n,0,!1),{class:"jstValue"})};var e=function(t){return t.replace(/[&<>'"]/g,function(t){return n[t]})},s=function(){return r+"_"+t++},u=function(n,t,r){if(null===n)return f(r?t:0);switch(typeof n){case"boolean":return l(n,r?t:0);case"number":return i(n,r?t:0);case"string":return o(n,r?t:0);default:return n instanceof Array?a(n,t,r):c(n,t,r)}},c=function(n,t,r){var e=s(),u=Object.keys(n).map(function(r){return j(r,n[r],t+1,!0)}).join(m()),c=[g("{",r?t:0,e),N(u,{id:e}),p("}",t)].join("\n");return N(c,{})},a=function(n,t,r){var e=s(),c=n.map(function(n){return u(n,t+1,!0)}).join(m());return[g("[",r?t:0,e),N(c,{id:e}),p("]",t)].join("\n")},o=function(n,t){var r=e(JSON.stringify(n));return N(v(r,t),{class:"jstStr"})},i=function(n,t){return N(v(n,t),{class:"jstNum"})},l=function(n,t){return N(v(n,t),{class:"jstBool"})},f=function(n){return N(v("null",n),{class:"jstNull"})},j=function(n,t,r){var s=v(e(JSON.stringify(n))+": ",r),c=N(u(t,r,!1),{});return N(s+c,{class:"jstProperty"})},m=function(){return N(",\n",{class:"jstComma"})},N=function(n,t){return d("span",t,n)},d=function(n,t,r){return"<"+n+Object.keys(t).map(function(n){return" "+n+'="'+t[n]+'"'}).join("")+">"+r+"</"+n+">"},g=function(n,t,r){return N(v(n,t),{class:"jstBracket"})+N("",{class:"jstFold",onclick:"JSONTree.toggle('"+r+"')"})};this.toggle=function(n){var t=document.getElementById(n),r=t.parentNode,e=t.previousElementSibling;""===t.className?(t.className="jstHiddenBlock",r.className="jstFolded",e.className="jstExpand"):(t.className="",r.className="",e.className="jstFold")};var p=function(n,t){return N(v(n,t),{})},v=function(n,t){return Array(2*t+1).join(" ")+n};return this}();
	</script>
</head>
	<body class='extent standard default hide-overflow bdd-report'>
		<div id='theme-selector' alt='Click to toggle theme. To enable by default, use theme configuration.' title='Click to toggle theme. To enable by default, use theme configuration.'>
			<span><i class='material-icons'>desktop_windows</i></span>
		</div>
<nav>
	<div class="nav-wrapper">
        <a href="#!" class="brand-logo black"><img src="http://cdn.jsdelivr.net/gh/extent-framework/extent-github-cdn@ff53917fbbdb5ef820abbbe4d199a6942dc771ff/commons/img/logo.png"></a>
		<!-- slideout menu -->
		<ul id='slide-out' class='side-nav fixed hide-on-med-and-down'>
			<li class='waves-effect active'><a href='#!' view='test-view' onclick="configureView(0);chartsView('test');"><i class='material-icons'>dashboard</i></a></li>
			<li class='waves-effect'><a href='#!' view='category-view' onclick="configureView(1)"><i class='material-icons'>label_outline</i></a></li>
			<li class='waves-effect'><a href='#!' view='exception-view' onclick="configureView(2)"><i class='material-icons'>bug_report</i></a></li>
			<li class='waves-effect'><a href='#!' onclick="configureView(-1);chartsView('dashboard');" view='dashboard-view'><i class='material-icons'>track_changes</i></a></li>
		</ul>
		<!-- report name -->
		<span class='report-name'></span>
		<!-- report headline -->
		<span class='report-headline'></span>
		<!-- nav-right -->
		<ul id='nav-mobile' class='right hide-on-med-and-down nav-right'>
			<a href='#!'>
			<span class='label blue darken-3 suite-start-time'>sept 15, 2023 08:38:40 p. m.</span>
			</a>
		</ul>
	</div>
</nav>		<!-- container -->
		<div class='container'>
<div id='test-view' class='view'>
	<section id='controls'>
		<div class='controls grey lighten-4'>
			<!-- test toggle -->
			<div class='chip transparent'>
				<a class='dropdown-button tests-toggle' data-activates='tests-toggle' data-constrainwidth='true' data-beloworigin='true' data-hover='true' href='#'>
				<i class='material-icons'>warning</i> Status
				</a>
				<ul id='tests-toggle' class='dropdown-content'>
										<li status='pass'><a href='#!'>Pass <i class='material-icons green-text'>check_circle</i></a></li>
					<li status='fail'><a href='#!'>Fail <i class='material-icons red-text'>cancel</i></a></li>
					<li class='divider'></li>
					<li status='clear' clear='true'><a href='#!'>Clear Filters <i class='material-icons'>clear</i></a></li>
				</ul>
			</div>
			<!-- test toggle -->
			<!-- category toggle -->
			<div class='chip transparent'>
				<a class='dropdown-button category-toggle' data-activates='category-toggle' data-constrainwidth='false' data-beloworigin='true' data-hover='true' href='#'>
				<i class='material-icons'>local_offer</i> Category
				</a>
				<ul id='category-toggle' class='dropdown-content'>
					<li><a href='#'>@AddEmployee</a></li>
					<li><a href='#'>@DeleteEmployee</a></li>
					<li><a href='#'>@AddPost</a></li>
					<li><a href='#'>@loginWithValidCredentials</a></li>
					<li><a href='#'>@AddLocation</a></li>
					<li class='divider'></li>
					<li class='clear'><a href='#!' clear='true'>Clear Filters</a></li>
				</ul>
			</div>
			<!-- category toggle -->
			<!-- clear filters -->
			<div class='chip transparent hide'>
				<a class='' id='clear-filters' alt='Clear Filters' title='Clear Filters'>
				<i class='material-icons'>close</i> Clear
				</a>
			</div>
			<!-- clear filters -->
			<!-- enable dashboard -->
			<div id='toggle-test-view-charts' class='chip transparent'>
				<a class='pink-text' id='enable-dashboard' alt='Enable Dashboard' title='Enable Dashboard'>
				<i class='material-icons'>track_changes</i> Dashboard
				</a>
			</div>
			<!-- enable dashboard -->
			<!-- search -->
			<div class='chip transparent' alt='Search Tests' title='Search Tests'>
				<a href="#" class='search-div'>
				<i class='material-icons'>search</i> Search
				</a>
				<div class='input-field left hide'>
					<input id='search-tests' type='text' class='validate browser-default' placeholder='Search Tests...'>
				</div>
			</div>
			<!-- search -->
		</div>
	</section>

<div id='test-view-charts' class='subview-full'>
    <div id='charts-row' class='row nm-v nm-h'>
        <div class='col s12 m4 l4 np-h'>
            <div class='card-panel nm-v'>
                <div class='left panel-name'>Features</div>
                <div class='chart-box' style="max-height:94px;">
                    <canvas id='parent-analysis' width='90' height='70'></canvas>
                </div>
                <div class='block text-small'>
                    <span class='tooltipped' data-position='top' data-tooltip='$75%'>
                    <span class='strong'>3</span> features passed</span>
                </div>
                <div class='block text-small'>
                    <span class='strong tooltipped' data-position='top' data-tooltip='25%'>
                    1</span> features failed, 
                    <span class='strong tooltipped' data-position='top' data-tooltip='0%'>
                    0</span> skipped
                </div>
            </div>
        </div>
        <div class='col s12 m4 l4 np-h'>
            <div class='card-panel nm-v'>
                <div class='left panel-name'>Scenarios</div>
                <div class='chart-box' style="max-height:94px;">
                    <canvas id='child-analysis' width='90' height='70'></canvas>
                </div>
                <div class='block text-small'>
                    <span class='tooltipped' data-position='top' data-tooltip='72%'>
                    <span class='strong'>8</span> scenarios passed</span>
                </div>
                <div class='block text-small'>
                    <span class='strong tooltipped' data-position='top' data-tooltip='27%'>
                    3</span> scenarios failed, 
                    <span class='strong tooltipped' data-position='top' data-tooltip='0%'>
                    0</span> skipped, 
                    <span class='strong tooltipped' data-position='top' data-tooltip='0%'>
                    0</span> others
                </div>
            </div>
        </div>
        <div class='col s12 m4 l4 np-h'>
            <div class='card-panel nm-v'>
                <div class='left panel-name'>Steps</div>
                <div class='chart-box' style="max-height:94px;">
                    <canvas id='grandchild-analysis' width='90' height='70'></canvas>
                </div>
                <div class='block text-small'>
                    <span class='tooltipped' data-position='top' data-tooltip='83%'>
                    <span class='strong'>89</span> steps passed</span>
                </div>
                <div class='block text-small'>
                    <span class='strong tooltipped' data-position='top' data-tooltip='2%'>
                    3</span> steps failed, 
                    <span class='strong tooltipped' data-position='top' data-tooltip='14%'>
                    15</span> skipped, 
                    <span class='strong tooltipped' data-position='top' data-tooltip='0%'>
                    0</span> others
                </div>
            </div>
        </div>
    </div>
    <div id="timeline-chart" class="row nm-v nm-h">
        <div class="col s12 m12 l12 np-h">
            <div class="card-panel">
                <div class='left panel-name'>Timeline (seconds)</div>
                <div class="chart-box" style="width:98%;max-height:145px;">
                    <canvas id="timeline" height="120"></canvas>
                </div>
            </div>
        </div>
    </div>
</div>	
	<div class='subview-left left'>
		<div class='view-summary'>
			<ul id='test-collection' class='test-collection'>
				<li class='test displayed active has-leaf pass' status='pass' bdd='true' test-id='1'>
					<div class='test-heading'>
						<span class='test-name'>Admin Orange Demo Page</span>
						<span class='test-time'>sept 15, 2023 08:38:41 p. m.</span>
						<span class='test-status right pass'>Pass</span>
					</div>
					<div class='test-content hide'>
<div class="sr-filters bdd-filters">
	<a class="btn-floating waves-effect waves-light pass green" title="pass"><i class='material-icons'>check_circle</i></a>
	<a class="btn-floating waves-effect waves-light fail red" title="fail"><i class='material-icons'>cancel</i></a>
	<a class="btn-floating waves-effect waves-light skip blue" title="skip"><i class='material-icons'>redo</i></a>
	<a class="btn-floating waves-effect waves-light clear grey" title="clear"><i class='material-icons'>clear</i></a>
</div>

<div class='scenario node' test-id='2' status='pass'>

	<span class='duration right label'>00 00 24.633</span>
	<div class="bdd-test">
		<div class="scenario-name"><span class='status pass' title='Pass'><i class='material-icons'>check_circle</i></span> Scenario: Add new location</div>
	</div>
	
	
		<div class='category-list'>
				<span class='category label'>@AddLocation</span>
		</div>
	
	<ul class='steps'>
		<li test-id='3' class='node given Pass' status='Pass'>
			<div class="step-name" title="(StepDefinitions.CommonSteps.goToSauceDemoPage())"><span class='status pass' title='Pass'><i class='material-icons'>check_circle</i></span>Given I am in orange demo web page</div>


		</li>
		<li test-id='4' class='node and Pass' status='Pass'>
			<div class="step-name" title="(StepDefinitions.LoginSteps.setUserName(java.lang.String))"><span class='status pass' title='Pass'><i class='material-icons'>check_circle</i></span>And I set the user name field with "Admin"</div>


		</li>
		<li test-id='5' class='node and Pass' status='Pass'>
			<div class="step-name" title="(StepDefinitions.LoginSteps.setPassword(java.lang.String))"><span class='status pass' title='Pass'><i class='material-icons'>check_circle</i></span>And I set the password field with "admin123"</div>


		</li>
		<li test-id='6' class='node when Pass' status='Pass'>
			<div class="step-name" title="(StepDefinitions.LoginSteps.clickOnLoginButton())"><span class='status pass' title='Pass'><i class='material-icons'>check_circle</i></span>When I click on the login button</div>


		</li>
		<li test-id='7' class='node and Pass' status='Pass'>
			<div class="step-name" title="(StepDefinitions.AdminSteps.clickOnAdminButton())"><span class='status pass' title='Pass'><i class='material-icons'>check_circle</i></span>And I click on the Admin button</div>


		</li>
		<li test-id='8' class='node given Pass' status='Pass'>
			<div class="step-name" title="(StepDefinitions.AdminSteps.clickOnAdminButton())"><span class='status pass' title='Pass'><i class='material-icons'>check_circle</i></span>Given I click on the Admin button</div>


		</li>
		<li test-id='9' class='node and Pass' status='Pass'>
			<div class="step-name" title="(StepDefinitions.AdminSteps.clickOnLocationButton())"><span class='status pass' title='Pass'><i class='material-icons'>check_circle</i></span>And I click on the Organization button</div>


		</li>
		<li test-id='10' class='node and Pass' status='Pass'>
			<div class="step-name" title="(StepDefinitions.AdminSteps.clickAddButton())"><span class='status pass' title='Pass'><i class='material-icons'>check_circle</i></span>And I click on the Add button admin</div>


		</li>
		<li test-id='11' class='node and Pass' status='Pass'>
			<div class="step-name" title="(StepDefinitions.AdminSteps.setNewLocationValues(io.cucumber.datatable.DataTable))"><span class='status pass' title='Pass'><i class='material-icons'>check_circle</i></span>And I fill the new location information with the following data</div>


					<div class="node-step"><table class='markup-table table '><tr><td>Cbba-Bol</td><td>Bolivia</td></tr></table></div>
		</li>
		<li test-id='12' class='node and Pass' status='Pass'>
			<div class="step-name" title="(StepDefinitions.AdminSteps.clickSaveButton())"><span class='status pass' title='Pass'><i class='material-icons'>check_circle</i></span>And I click on the Save button admin</div>


		</li>
		<li test-id='13' class='node and Pass' status='Pass'>
			<div class="step-name" title="(StepDefinitions.AdminSteps.verifyLocationAddedCorrectly(java.lang.String))"><span class='status pass' title='Pass'><i class='material-icons'>check_circle</i></span>And I verify location by "Cbba-Bol" in the list admin</div>


		</li>
		<li test-id='14' class='node then Pass' status='Pass'>
			<div class="step-name" title="(StepDefinitions.PIMSteps.logout())"><span class='status pass' title='Pass'><i class='material-icons'>check_circle</i></span>Then I logout to orange demo page</div>


		</li>
	</ul>
</div>
					</div>
				</li>
				<li class='test displayed active has-leaf pass' status='pass' bdd='true' test-id='15'>
					<div class='test-heading'>
						<span class='test-name'>Buzz Orange Demo Page</span>
						<span class='test-time'>sept 15, 2023 08:39:05 p. m.</span>
						<span class='test-status right pass'>Pass</span>
					</div>
					<div class='test-content hide'>
<div class="sr-filters bdd-filters">
	<a class="btn-floating waves-effect waves-light pass green" title="pass"><i class='material-icons'>check_circle</i></a>
	<a class="btn-floating waves-effect waves-light fail red" title="fail"><i class='material-icons'>cancel</i></a>
	<a class="btn-floating waves-effect waves-light skip blue" title="skip"><i class='material-icons'>redo</i></a>
	<a class="btn-floating waves-effect waves-light clear grey" title="clear"><i class='material-icons'>clear</i></a>
</div>

<div class='scenario node' test-id='16' status='pass'>

	<span class='duration right label'>00 00 07.712</span>
	<div class="bdd-test">
		<div class="scenario-name"><span class='status pass' title='Pass'><i class='material-icons'>check_circle</i></span> Scenario: Add new post</div>
	</div>
	
	
		<div class='category-list'>
				<span class='category label'>@AddPost</span>
		</div>
	
	<ul class='steps'>
		<li test-id='17' class='node given Pass' status='Pass'>
			<div class="step-name" title="(StepDefinitions.CommonSteps.goToSauceDemoPage())"><span class='status pass' title='Pass'><i class='material-icons'>check_circle</i></span>Given I am in orange demo web page</div>


		</li>
		<li test-id='18' class='node and Pass' status='Pass'>
			<div class="step-name" title="(StepDefinitions.LoginSteps.setUserName(java.lang.String))"><span class='status pass' title='Pass'><i class='material-icons'>check_circle</i></span>And I set the user name field with "Admin"</div>


		</li>
		<li test-id='19' class='node and Pass' status='Pass'>
			<div class="step-name" title="(StepDefinitions.LoginSteps.setPassword(java.lang.String))"><span class='status pass' title='Pass'><i class='material-icons'>check_circle</i></span>And I set the password field with "admin123"</div>


		</li>
		<li test-id='20' class='node when Pass' status='Pass'>
			<div class="step-name" title="(StepDefinitions.LoginSteps.clickOnLoginButton())"><span class='status pass' title='Pass'><i class='material-icons'>check_circle</i></span>When I click on the login button</div>


		</li>
		<li test-id='21' class='node given Pass' status='Pass'>
			<div class="step-name" title="(StepDefinitions.BuzzSteps.clickOnBuzzButton())"><span class='status pass' title='Pass'><i class='material-icons'>check_circle</i></span>Given I click on the Buzz button</div>


		</li>
		<li test-id='22' class='node and Pass' status='Pass'>
			<div class="step-name" title="(StepDefinitions.BuzzSteps.fillTextArea(java.lang.String))"><span class='status pass' title='Pass'><i class='material-icons'>check_circle</i></span>And I fill the text area with "Try do my first Post!"</div>


		</li>
		<li test-id='23' class='node and Pass' status='Pass'>
			<div class="step-name" title="(StepDefinitions.BuzzSteps.clickOnSendButton())"><span class='status pass' title='Pass'><i class='material-icons'>check_circle</i></span>And I click on the post button</div>


		</li>
		<li test-id='24' class='node then Pass' status='Pass'>
			<div class="step-name" title="(StepDefinitions.BuzzSteps.verifyUpload(java.lang.String))"><span class='status pass' title='Pass'><i class='material-icons'>check_circle</i></span>Then I verify if the "Try do my first Post!" post uploded correctly</div>


		</li>
		<li test-id='25' class='node then Pass' status='Pass'>
			<div class="step-name" title="(StepDefinitions.PIMSteps.logout())"><span class='status pass' title='Pass'><i class='material-icons'>check_circle</i></span>Then I logout to orange demo page</div>


		</li>
	</ul>
</div>
					</div>
				</li>
				<li class='test displayed active has-leaf pass' status='pass' bdd='true' test-id='26'>
					<div class='test-heading'>
						<span class='test-name'>Login Orange Demo App</span>
						<span class='test-time'>sept 15, 2023 08:39:13 p. m.</span>
						<span class='test-status right pass'>Pass</span>
					</div>
					<div class='test-content hide'>
<div class="sr-filters bdd-filters">
	<a class="btn-floating waves-effect waves-light pass green" title="pass"><i class='material-icons'>check_circle</i></a>
	<a class="btn-floating waves-effect waves-light fail red" title="fail"><i class='material-icons'>cancel</i></a>
	<a class="btn-floating waves-effect waves-light skip blue" title="skip"><i class='material-icons'>redo</i></a>
	<a class="btn-floating waves-effect waves-light clear grey" title="clear"><i class='material-icons'>clear</i></a>
</div>

<div class='scenario node' test-id='27' status='pass'>

	<span class='duration right label'>00 00 04.998</span>
	<div class="bdd-test">
		<div class="scenario-name"><span class='status pass' title='Pass'><i class='material-icons'>check_circle</i></span> Scenario: Login into Orange Demo page with valid credentials</div>
	</div>
	
	
		<div class='category-list'>
				<span class='category label'>@loginWithValidCredentials</span>
		</div>
	
	<ul class='steps'>
		<li test-id='28' class='node given Pass' status='Pass'>
			<div class="step-name" title="(StepDefinitions.CommonSteps.goToSauceDemoPage())"><span class='status pass' title='Pass'><i class='material-icons'>check_circle</i></span>Given I am in orange demo web page</div>


		</li>
		<li test-id='29' class='node given Pass' status='Pass'>
			<div class="step-name" title="(StepDefinitions.LoginSteps.setUserName(java.lang.String))"><span class='status pass' title='Pass'><i class='material-icons'>check_circle</i></span>Given I set the user name field with "Admin"</div>


		</li>
		<li test-id='30' class='node and Pass' status='Pass'>
			<div class="step-name" title="(StepDefinitions.LoginSteps.setPassword(java.lang.String))"><span class='status pass' title='Pass'><i class='material-icons'>check_circle</i></span>And I set the password field with "admin123"</div>


		</li>
		<li test-id='31' class='node when Pass' status='Pass'>
			<div class="step-name" title="(StepDefinitions.LoginSteps.clickOnLoginButton())"><span class='status pass' title='Pass'><i class='material-icons'>check_circle</i></span>When I click on the login button</div>


		</li>
		<li test-id='32' class='node then Pass' status='Pass'>
			<div class="step-name" title="(StepDefinitions.HomeSteps.verifyHomePageIsDisplayed())"><span class='status pass' title='Pass'><i class='material-icons'>check_circle</i></span>Then The home page should be displayed</div>


		</li>
		<li test-id='33' class='node then Pass' status='Pass'>
			<div class="step-name" title="(StepDefinitions.PIMSteps.logout())"><span class='status pass' title='Pass'><i class='material-icons'>check_circle</i></span>Then I logout to orange demo page</div>


		</li>
	</ul>
</div>
					</div>
				</li>
				<li class='test displayed active has-leaf fail' status='fail' bdd='true' test-id='34'>
					<div class='test-heading'>
						<span class='test-name'>PIM Orange Demo Page</span>
						<span class='test-time'>sept 15, 2023 08:39:18 p. m.</span>
						<span class='test-status right fail'>Fail</span>
					</div>
					<div class='test-content hide'>
<div class="sr-filters bdd-filters">
	<a class="btn-floating waves-effect waves-light pass green" title="pass"><i class='material-icons'>check_circle</i></a>
	<a class="btn-floating waves-effect waves-light fail red" title="fail"><i class='material-icons'>cancel</i></a>
	<a class="btn-floating waves-effect waves-light skip blue" title="skip"><i class='material-icons'>redo</i></a>
	<a class="btn-floating waves-effect waves-light clear grey" title="clear"><i class='material-icons'>clear</i></a>
</div>

<div class='scenario outline node' test-id='35' status='pass'>

	<span class='duration right label'>00 00 50.621</span>
	<div class="bdd-test">
		<div class="scenario-name"><span class='status pass' title='Pass'><i class='material-icons'>check_circle</i></span> Scenario Outline: Add new employee</div>
	</div>
	
		<div class='node-desc'><br><br><table class='markup-table table '><tr><td>First_Name</td><td>Last_Name</td></tr><tr><td>Harry</td><td>Styles</td></tr><tr><td>Jennifer</td><td>Aniston</td></tr><tr><td>Leonardo</td><td>DiCaprio</td></tr><tr><td>Justin</td><td>Bieber</td></tr></table></div>
	
	
	<ul class='steps'>
		<li test-id='36' class='node scenario Pass' status='Pass'>
			<div class="step-name" title="()"><span class='status pass' title='Pass'><i class='material-icons'>check_circle</i></span>Add new employee</div>

				<div class='category-list'>
						<span class='category label'>@AddEmployee</span>
				</div>

			<ul class='gc steps'>
				<li test-id='37' class='gc given Pass' status='Pass'>
					<h6 class="step-name" title="StepDefinitions.CommonSteps.goToSauceDemoPage()"><span class='status pass' title='Pass'><i class='material-icons'>check_circle</i></span>Given I am in orange demo web page</h6>

				</li>
				<li test-id='38' class='gc and Pass' status='Pass'>
					<h6 class="step-name" title="StepDefinitions.LoginSteps.setUserName(java.lang.String)"><span class='status pass' title='Pass'><i class='material-icons'>check_circle</i></span>And I set the user name field with "Admin"</h6>

				</li>
				<li test-id='39' class='gc and Pass' status='Pass'>
					<h6 class="step-name" title="StepDefinitions.LoginSteps.setPassword(java.lang.String)"><span class='status pass' title='Pass'><i class='material-icons'>check_circle</i></span>And I set the password field with "admin123"</h6>

				</li>
				<li test-id='40' class='gc when Pass' status='Pass'>
					<h6 class="step-name" title="StepDefinitions.LoginSteps.clickOnLoginButton()"><span class='status pass' title='Pass'><i class='material-icons'>check_circle</i></span>When I click on the login button</h6>

				</li>
				<li test-id='41' class='gc given Pass' status='Pass'>
					<h6 class="step-name" title="StepDefinitions.PIMSteps.clickOnPIMButton()"><span class='status pass' title='Pass'><i class='material-icons'>check_circle</i></span>Given I click on the PIM button</h6>

				</li>
				<li test-id='42' class='gc and Pass' status='Pass'>
					<h6 class="step-name" title="StepDefinitions.PIMSteps.clickOnAddButton()"><span class='status pass' title='Pass'><i class='material-icons'>check_circle</i></span>And I click on the Add button</h6>

				</li>
				<li test-id='43' class='gc and Pass' status='Pass'>
					<h6 class="step-name" title="StepDefinitions.PIMSteps.fillEmployeeInformation(io.cucumber.datatable.DataTable)"><span class='status pass' title='Pass'><i class='material-icons'>check_circle</i></span>And I fill the new employee information with the following data</h6>

							<div class="node-step"><table class='markup-table table '><tr><td>Harry</td><td>Styles</td></tr></table></div>
				</li>
				<li test-id='44' class='gc and Pass' status='Pass'>
					<h6 class="step-name" title="StepDefinitions.PIMSteps.clickOnSaveButton()"><span class='status pass' title='Pass'><i class='material-icons'>check_circle</i></span>And I click on the Save button</h6>

				</li>
				<li test-id='45' class='gc then Pass' status='Pass'>
					<h6 class="step-name" title="StepDefinitions.PIMSteps.clickOnEployeeListButton()"><span class='status pass' title='Pass'><i class='material-icons'>check_circle</i></span>Then I click on Employee List button</h6>

				</li>
				<li test-id='46' class='gc and Pass' status='Pass'>
					<h6 class="step-name" title="StepDefinitions.PIMSteps.searchEmployee(java.lang.String)"><span class='status pass' title='Pass'><i class='material-icons'>check_circle</i></span>And I verify employee by "Harry" in the list</h6>

				</li>
				<li test-id='47' class='gc then Pass' status='Pass'>
					<h6 class="step-name" title="StepDefinitions.PIMSteps.logout()"><span class='status pass' title='Pass'><i class='material-icons'>check_circle</i></span>Then I logout to orange demo page</h6>

				</li>
			</ul>
		</li>
		<li test-id='48' class='node scenario Pass' status='Pass'>
			<div class="step-name" title="()"><span class='status pass' title='Pass'><i class='material-icons'>check_circle</i></span>Add new employee</div>

				<div class='category-list'>
						<span class='category label'>@AddEmployee</span>
				</div>

			<ul class='gc steps'>
				<li test-id='49' class='gc given Pass' status='Pass'>
					<h6 class="step-name" title="StepDefinitions.CommonSteps.goToSauceDemoPage()"><span class='status pass' title='Pass'><i class='material-icons'>check_circle</i></span>Given I am in orange demo web page</h6>

				</li>
				<li test-id='50' class='gc and Pass' status='Pass'>
					<h6 class="step-name" title="StepDefinitions.LoginSteps.setUserName(java.lang.String)"><span class='status pass' title='Pass'><i class='material-icons'>check_circle</i></span>And I set the user name field with "Admin"</h6>

				</li>
				<li test-id='51' class='gc and Pass' status='Pass'>
					<h6 class="step-name" title="StepDefinitions.LoginSteps.setPassword(java.lang.String)"><span class='status pass' title='Pass'><i class='material-icons'>check_circle</i></span>And I set the password field with "admin123"</h6>

				</li>
				<li test-id='52' class='gc when Pass' status='Pass'>
					<h6 class="step-name" title="StepDefinitions.LoginSteps.clickOnLoginButton()"><span class='status pass' title='Pass'><i class='material-icons'>check_circle</i></span>When I click on the login button</h6>

				</li>
				<li test-id='53' class='gc given Pass' status='Pass'>
					<h6 class="step-name" title="StepDefinitions.PIMSteps.clickOnPIMButton()"><span class='status pass' title='Pass'><i class='material-icons'>check_circle</i></span>Given I click on the PIM button</h6>

				</li>
				<li test-id='54' class='gc and Pass' status='Pass'>
					<h6 class="step-name" title="StepDefinitions.PIMSteps.clickOnAddButton()"><span class='status pass' title='Pass'><i class='material-icons'>check_circle</i></span>And I click on the Add button</h6>

				</li>
				<li test-id='55' class='gc and Pass' status='Pass'>
					<h6 class="step-name" title="StepDefinitions.PIMSteps.fillEmployeeInformation(io.cucumber.datatable.DataTable)"><span class='status pass' title='Pass'><i class='material-icons'>check_circle</i></span>And I fill the new employee information with the following data</h6>

							<div class="node-step"><table class='markup-table table '><tr><td>Jennifer</td><td>Aniston</td></tr></table></div>
				</li>
				<li test-id='56' class='gc and Pass' status='Pass'>
					<h6 class="step-name" title="StepDefinitions.PIMSteps.clickOnSaveButton()"><span class='status pass' title='Pass'><i class='material-icons'>check_circle</i></span>And I click on the Save button</h6>

				</li>
				<li test-id='57' class='gc then Pass' status='Pass'>
					<h6 class="step-name" title="StepDefinitions.PIMSteps.clickOnEployeeListButton()"><span class='status pass' title='Pass'><i class='material-icons'>check_circle</i></span>Then I click on Employee List button</h6>

				</li>
				<li test-id='58' class='gc and Pass' status='Pass'>
					<h6 class="step-name" title="StepDefinitions.PIMSteps.searchEmployee(java.lang.String)"><span class='status pass' title='Pass'><i class='material-icons'>check_circle</i></span>And I verify employee by "Jennifer" in the list</h6>

				</li>
				<li test-id='59' class='gc then Pass' status='Pass'>
					<h6 class="step-name" title="StepDefinitions.PIMSteps.logout()"><span class='status pass' title='Pass'><i class='material-icons'>check_circle</i></span>Then I logout to orange demo page</h6>

				</li>
			</ul>
		</li>
		<li test-id='60' class='node scenario Pass' status='Pass'>
			<div class="step-name" title="()"><span class='status pass' title='Pass'><i class='material-icons'>check_circle</i></span>Add new employee</div>

				<div class='category-list'>
						<span class='category label'>@AddEmployee</span>
				</div>

			<ul class='gc steps'>
				<li test-id='61' class='gc given Pass' status='Pass'>
					<h6 class="step-name" title="StepDefinitions.CommonSteps.goToSauceDemoPage()"><span class='status pass' title='Pass'><i class='material-icons'>check_circle</i></span>Given I am in orange demo web page</h6>

				</li>
				<li test-id='62' class='gc and Pass' status='Pass'>
					<h6 class="step-name" title="StepDefinitions.LoginSteps.setUserName(java.lang.String)"><span class='status pass' title='Pass'><i class='material-icons'>check_circle</i></span>And I set the user name field with "Admin"</h6>

				</li>
				<li test-id='63' class='gc and Pass' status='Pass'>
					<h6 class="step-name" title="StepDefinitions.LoginSteps.setPassword(java.lang.String)"><span class='status pass' title='Pass'><i class='material-icons'>check_circle</i></span>And I set the password field with "admin123"</h6>

				</li>
				<li test-id='64' class='gc when Pass' status='Pass'>
					<h6 class="step-name" title="StepDefinitions.LoginSteps.clickOnLoginButton()"><span class='status pass' title='Pass'><i class='material-icons'>check_circle</i></span>When I click on the login button</h6>

				</li>
				<li test-id='65' class='gc given Pass' status='Pass'>
					<h6 class="step-name" title="StepDefinitions.PIMSteps.clickOnPIMButton()"><span class='status pass' title='Pass'><i class='material-icons'>check_circle</i></span>Given I click on the PIM button</h6>

				</li>
				<li test-id='66' class='gc and Pass' status='Pass'>
					<h6 class="step-name" title="StepDefinitions.PIMSteps.clickOnAddButton()"><span class='status pass' title='Pass'><i class='material-icons'>check_circle</i></span>And I click on the Add button</h6>

				</li>
				<li test-id='67' class='gc and Pass' status='Pass'>
					<h6 class="step-name" title="StepDefinitions.PIMSteps.fillEmployeeInformation(io.cucumber.datatable.DataTable)"><span class='status pass' title='Pass'><i class='material-icons'>check_circle</i></span>And I fill the new employee information with the following data</h6>

							<div class="node-step"><table class='markup-table table '><tr><td>Leonardo</td><td>DiCaprio</td></tr></table></div>
				</li>
				<li test-id='68' class='gc and Pass' status='Pass'>
					<h6 class="step-name" title="StepDefinitions.PIMSteps.clickOnSaveButton()"><span class='status pass' title='Pass'><i class='material-icons'>check_circle</i></span>And I click on the Save button</h6>

				</li>
				<li test-id='69' class='gc then Pass' status='Pass'>
					<h6 class="step-name" title="StepDefinitions.PIMSteps.clickOnEployeeListButton()"><span class='status pass' title='Pass'><i class='material-icons'>check_circle</i></span>Then I click on Employee List button</h6>

				</li>
				<li test-id='70' class='gc and Pass' status='Pass'>
					<h6 class="step-name" title="StepDefinitions.PIMSteps.searchEmployee(java.lang.String)"><span class='status pass' title='Pass'><i class='material-icons'>check_circle</i></span>And I verify employee by "Leonardo" in the list</h6>

				</li>
				<li test-id='71' class='gc then Pass' status='Pass'>
					<h6 class="step-name" title="StepDefinitions.PIMSteps.logout()"><span class='status pass' title='Pass'><i class='material-icons'>check_circle</i></span>Then I logout to orange demo page</h6>

				</li>
			</ul>
		</li>
		<li test-id='72' class='node scenario Pass' status='Pass'>
			<div class="step-name" title="()"><span class='status pass' title='Pass'><i class='material-icons'>check_circle</i></span>Add new employee</div>

				<div class='category-list'>
						<span class='category label'>@AddEmployee</span>
				</div>

			<ul class='gc steps'>
				<li test-id='73' class='gc given Pass' status='Pass'>
					<h6 class="step-name" title="StepDefinitions.CommonSteps.goToSauceDemoPage()"><span class='status pass' title='Pass'><i class='material-icons'>check_circle</i></span>Given I am in orange demo web page</h6>

				</li>
				<li test-id='74' class='gc and Pass' status='Pass'>
					<h6 class="step-name" title="StepDefinitions.LoginSteps.setUserName(java.lang.String)"><span class='status pass' title='Pass'><i class='material-icons'>check_circle</i></span>And I set the user name field with "Admin"</h6>

				</li>
				<li test-id='75' class='gc and Pass' status='Pass'>
					<h6 class="step-name" title="StepDefinitions.LoginSteps.setPassword(java.lang.String)"><span class='status pass' title='Pass'><i class='material-icons'>check_circle</i></span>And I set the password field with "admin123"</h6>

				</li>
				<li test-id='76' class='gc when Pass' status='Pass'>
					<h6 class="step-name" title="StepDefinitions.LoginSteps.clickOnLoginButton()"><span class='status pass' title='Pass'><i class='material-icons'>check_circle</i></span>When I click on the login button</h6>

				</li>
				<li test-id='77' class='gc given Pass' status='Pass'>
					<h6 class="step-name" title="StepDefinitions.PIMSteps.clickOnPIMButton()"><span class='status pass' title='Pass'><i class='material-icons'>check_circle</i></span>Given I click on the PIM button</h6>

				</li>
				<li test-id='78' class='gc and Pass' status='Pass'>
					<h6 class="step-name" title="StepDefinitions.PIMSteps.clickOnAddButton()"><span class='status pass' title='Pass'><i class='material-icons'>check_circle</i></span>And I click on the Add button</h6>

				</li>
				<li test-id='79' class='gc and Pass' status='Pass'>
					<h6 class="step-name" title="StepDefinitions.PIMSteps.fillEmployeeInformation(io.cucumber.datatable.DataTable)"><span class='status pass' title='Pass'><i class='material-icons'>check_circle</i></span>And I fill the new employee information with the following data</h6>

							<div class="node-step"><table class='markup-table table '><tr><td>Justin</td><td>Bieber</td></tr></table></div>
				</li>
				<li test-id='80' class='gc and Pass' status='Pass'>
					<h6 class="step-name" title="StepDefinitions.PIMSteps.clickOnSaveButton()"><span class='status pass' title='Pass'><i class='material-icons'>check_circle</i></span>And I click on the Save button</h6>

				</li>
				<li test-id='81' class='gc then Pass' status='Pass'>
					<h6 class="step-name" title="StepDefinitions.PIMSteps.clickOnEployeeListButton()"><span class='status pass' title='Pass'><i class='material-icons'>check_circle</i></span>Then I click on Employee List button</h6>

				</li>
				<li test-id='82' class='gc and Pass' status='Pass'>
					<h6 class="step-name" title="StepDefinitions.PIMSteps.searchEmployee(java.lang.String)"><span class='status pass' title='Pass'><i class='material-icons'>check_circle</i></span>And I verify employee by "Justin" in the list</h6>

				</li>
				<li test-id='83' class='gc then Pass' status='Pass'>
					<h6 class="step-name" title="StepDefinitions.PIMSteps.logout()"><span class='status pass' title='Pass'><i class='material-icons'>check_circle</i></span>Then I logout to orange demo page</h6>

				</li>
			</ul>
		</li>
	</ul>
</div>
<div class='scenario outline node' test-id='84' status='fail'>

	<span class='duration right label'>00 01 29.792</span>
	<div class="bdd-test">
		<div class="scenario-name"><span class='status fail' title='Fail'><i class='material-icons'>cancel</i></span> Scenario Outline: Delete employee</div>
	</div>
	
		<div class='node-desc'><br><br><table class='markup-table table '><tr><td>First_Name</td></tr><tr><td>Harry</td></tr><tr><td>Jennifer</td></tr><tr><td>Leonardo</td></tr><tr><td>Justin</td></tr></table></div>
	
	
	<ul class='steps'>
		<li test-id='85' class='node scenario Pass' status='Pass'>
			<div class="step-name" title="()"><span class='status pass' title='Pass'><i class='material-icons'>check_circle</i></span>Delete employee</div>

				<div class='category-list'>
						<span class='category label'>@DeleteEmployee</span>
				</div>

			<ul class='gc steps'>
				<li test-id='86' class='gc given Pass' status='Pass'>
					<h6 class="step-name" title="StepDefinitions.CommonSteps.goToSauceDemoPage()"><span class='status pass' title='Pass'><i class='material-icons'>check_circle</i></span>Given I am in orange demo web page</h6>

				</li>
				<li test-id='87' class='gc and Pass' status='Pass'>
					<h6 class="step-name" title="StepDefinitions.LoginSteps.setUserName(java.lang.String)"><span class='status pass' title='Pass'><i class='material-icons'>check_circle</i></span>And I set the user name field with "Admin"</h6>

				</li>
				<li test-id='88' class='gc and Pass' status='Pass'>
					<h6 class="step-name" title="StepDefinitions.LoginSteps.setPassword(java.lang.String)"><span class='status pass' title='Pass'><i class='material-icons'>check_circle</i></span>And I set the password field with "admin123"</h6>

				</li>
				<li test-id='89' class='gc when Pass' status='Pass'>
					<h6 class="step-name" title="StepDefinitions.LoginSteps.clickOnLoginButton()"><span class='status pass' title='Pass'><i class='material-icons'>check_circle</i></span>When I click on the login button</h6>

				</li>
				<li test-id='90' class='gc given Pass' status='Pass'>
					<h6 class="step-name" title="StepDefinitions.PIMSteps.clickOnPIMButton()"><span class='status pass' title='Pass'><i class='material-icons'>check_circle</i></span>Given I click on the PIM button</h6>

				</li>
				<li test-id='91' class='gc given Pass' status='Pass'>
					<h6 class="step-name" title="StepDefinitions.PIMSteps.searchEmployee(java.lang.String)"><span class='status pass' title='Pass'><i class='material-icons'>check_circle</i></span>Given I verify employee by "Harry" in the list</h6>

				</li>
				<li test-id='92' class='gc then Pass' status='Pass'>
					<h6 class="step-name" title="StepDefinitions.PIMSteps.clickOnDeleteButton()"><span class='status pass' title='Pass'><i class='material-icons'>check_circle</i></span>Then I click delete button</h6>

				</li>
				<li test-id='93' class='gc and Pass' status='Pass'>
					<h6 class="step-name" title="StepDefinitions.PIMSteps.verifyEmployeeCorrectlyDeleted(java.lang.String)"><span class='status pass' title='Pass'><i class='material-icons'>check_circle</i></span>And I verify employee "Harry" was deleted correctly</h6>

				</li>
				<li test-id='94' class='gc then Pass' status='Pass'>
					<h6 class="step-name" title="StepDefinitions.PIMSteps.logout()"><span class='status pass' title='Pass'><i class='material-icons'>check_circle</i></span>Then I logout to orange demo page</h6>

				</li>
			</ul>
		</li>
		<li test-id='95' class='node scenario Fail' status='Fail'>
			<div class="step-name" title="()"><span class='status fail' title='Fail'><i class='material-icons'>cancel</i></span>Delete employee</div>

				<div class='category-list'>
						<span class='category label'>@DeleteEmployee</span>
				</div>

			<ul class='gc steps'>
				<li test-id='96' class='gc given Pass' status='Pass'>
					<h6 class="step-name" title="StepDefinitions.CommonSteps.goToSauceDemoPage()"><span class='status pass' title='Pass'><i class='material-icons'>check_circle</i></span>Given I am in orange demo web page</h6>

				</li>
				<li test-id='97' class='gc and Pass' status='Pass'>
					<h6 class="step-name" title="StepDefinitions.LoginSteps.setUserName(java.lang.String)"><span class='status pass' title='Pass'><i class='material-icons'>check_circle</i></span>And I set the user name field with "Admin"</h6>

				</li>
				<li test-id='98' class='gc and Pass' status='Pass'>
					<h6 class="step-name" title="StepDefinitions.LoginSteps.setPassword(java.lang.String)"><span class='status pass' title='Pass'><i class='material-icons'>check_circle</i></span>And I set the password field with "admin123"</h6>

				</li>
				<li test-id='99' class='gc when Pass' status='Pass'>
					<h6 class="step-name" title="StepDefinitions.LoginSteps.clickOnLoginButton()"><span class='status pass' title='Pass'><i class='material-icons'>check_circle</i></span>When I click on the login button</h6>

				</li>
				<li test-id='100' class='gc given Pass' status='Pass'>
					<h6 class="step-name" title="StepDefinitions.PIMSteps.clickOnPIMButton()"><span class='status pass' title='Pass'><i class='material-icons'>check_circle</i></span>Given I click on the PIM button</h6>

				</li>
				<li test-id='101' class='gc given Pass' status='Pass'>
					<h6 class="step-name" title="StepDefinitions.PIMSteps.searchEmployee(java.lang.String)"><span class='status pass' title='Pass'><i class='material-icons'>check_circle</i></span>Given I verify employee by "Jennifer" in the list</h6>

				</li>
				<li test-id='102' class='gc then Pass' status='Pass'>
					<h6 class="step-name" title="StepDefinitions.PIMSteps.clickOnDeleteButton()"><span class='status pass' title='Pass'><i class='material-icons'>check_circle</i></span>Then I click delete button</h6>

				</li>
				<li test-id='103' class='gc and Fail' status='Fail'>
					<h6 class="step-name" title="StepDefinitions.PIMSteps.verifyEmployeeCorrectlyDeleted(java.lang.String)"><span class='status fail' title='Fail'><i class='material-icons'>cancel</i></span>And I verify employee "Jennifer" was deleted correctly</h6>

							<textarea disabled class="code-block">org.opentest4j.AssertionFailedError: expected: <false> but was: <true>
	at org.junit.jupiter.api.AssertionFailureBuilder.build(AssertionFailureBuilder.java:151)
	at org.junit.jupiter.api.AssertionFailureBuilder.buildAndThrow(AssertionFailureBuilder.java:132)
	at org.junit.jupiter.api.AssertFalse.failNotFalse(AssertFalse.java:63)
	at org.junit.jupiter.api.AssertFalse.assertFalse(AssertFalse.java:36)
	at org.junit.jupiter.api.AssertFalse.assertFalse(AssertFalse.java:31)
	at org.junit.jupiter.api.Assertions.assertFalse(Assertions.java:227)
	at StepDefinitions.PIMSteps.verifyEmployeeCorrectlyDeleted(PIMSteps.java:94)
	at ✽.I verify employee "Jennifer" was deleted correctly(file:///D:/1UNIVERSIDAD/CERTIFICACIÓN%20II/ProyectoFinal/src/test/resources/PIM.feature:31)
</textarea>
				</li>
				<li test-id='104' class='gc then Skip' status='Skip'>
					<h6 class="step-name" title="StepDefinitions.PIMSteps.logout()"><span class='status skip' title='Skip'><i class='material-icons'>redo</i></span>Then I logout to orange demo page</h6>

							<div class="node-step">Step skipped</div>
				</li>
			</ul>
		</li>
		<li test-id='105' class='node scenario Fail' status='Fail'>
			<div class="step-name" title="()"><span class='status fail' title='Fail'><i class='material-icons'>cancel</i></span>Delete employee</div>

				<div class='category-list'>
						<span class='category label'>@DeleteEmployee</span>
				</div>

			<ul class='gc steps'>
				<li test-id='106' class='gc given Pass' status='Pass'>
					<h6 class="step-name" title="StepDefinitions.CommonSteps.goToSauceDemoPage()"><span class='status pass' title='Pass'><i class='material-icons'>check_circle</i></span>Given I am in orange demo web page</h6>

				</li>
				<li test-id='107' class='gc and Fail' status='Fail'>
					<h6 class="step-name" title="StepDefinitions.LoginSteps.setUserName(java.lang.String)"><span class='status fail' title='Fail'><i class='material-icons'>cancel</i></span>And I set the user name field with "Admin"</h6>

							<textarea disabled class="code-block">org.openqa.selenium.TimeoutException: Expected condition failed: waiting for visibility of Proxy element for: DefaultElementLocator 'By.cssSelector: input[name='username']' (tried for 20 second(s) with 500 milliseconds interval)
	at org.openqa.selenium.support.ui.WebDriverWait.timeoutException(WebDriverWait.java:84)
	at org.openqa.selenium.support.ui.FluentWait.until(FluentWait.java:230)
	at Pages.LoginPage.setUserNameTextBox(LoginPage.java:33)
	at StepDefinitions.LoginSteps.setUserName(LoginSteps.java:14)
	at ✽.I set the user name field with "Admin"(file:///D:/1UNIVERSIDAD/CERTIFICACIÓN%20II/ProyectoFinal/src/test/resources/PIM.feature:4)
Caused by: org.openqa.selenium.NoSuchElementException: no such element: Unable to locate element: {"method":"css selector","selector":"input[name='username']"}
  (Session info: chrome=116.0.5845.188)
For documentation on this error, please visit: https://www.selenium.dev/documentation/webdriver/troubleshooting/errors#no-such-element-exception
Build info: version: '4.11.0', revision: '040bc5406b'
System info: os.name: 'Windows 11', os.arch: 'amd64', os.version: '10.0', java.version: '20.0.2'
Driver info: org.openqa.selenium.chrome.ChromeDriver
Command: [0c4f3ccc73c974cbd8a55a7c7bbe1b93, findElement {using=css selector, value=input[name='username']}]
Capabilities {acceptInsecureCerts: false, browserName: chrome, browserVersion: 116.0.5845.188, chrome: {chromedriverVersion: 116.0.5845.96 (1a3918166880..., userDataDir: C:\Users\selwa\AppData\Loca...}, fedcm:accounts: true, goog:chromeOptions: {debuggerAddress: localhost:49482}, networkConnectionEnabled: false, pageLoadStrategy: normal, platformName: windows, proxy: Proxy(), se:cdp: ws://localhost:49482/devtoo..., se:cdpVersion: 116.0.5845.188, setWindowRect: true, strictFileInteractability: false, timeouts: {implicit: 0, pageLoad: 300000, script: 30000}, unhandledPromptBehavior: dismiss and notify, webauthn:extension:credBlob: true, webauthn:extension:largeBlob: true, webauthn:extension:minPinLength: true, webauthn:extension:prf: true, webauthn:virtualAuthenticators: true}
Session ID: 0c4f3ccc73c974cbd8a55a7c7bbe1b93
	at java.base/jdk.internal.reflect.DirectConstructorHandleAccessor.newInstance(DirectConstructorHandleAccessor.java:67)
	at java.base/java.lang.reflect.Constructor.newInstanceWithCaller(Constructor.java:500)
	at java.base/java.lang.reflect.Constructor.newInstance(Constructor.java:484)
	at org.openqa.selenium.remote.codec.w3c.W3CHttpResponseCodec.createException(W3CHttpResponseCodec.java:200)
	at org.openqa.selenium.remote.codec.w3c.W3CHttpResponseCodec.decode(W3CHttpResponseCodec.java:133)
	at org.openqa.selenium.remote.codec.w3c.W3CHttpResponseCodec.decode(W3CHttpResponseCodec.java:52)
	at org.openqa.selenium.remote.HttpCommandExecutor.execute(HttpCommandExecutor.java:191)
	at org.openqa.selenium.remote.service.DriverCommandExecutor.invokeExecute(DriverCommandExecutor.java:196)
	at org.openqa.selenium.remote.service.DriverCommandExecutor.execute(DriverCommandExecutor.java:171)
	at org.openqa.selenium.remote.RemoteWebDriver.execute(RemoteWebDriver.java:518)
	at org.openqa.selenium.remote.ElementLocation$ElementFinder$2.findElement(ElementLocation.java:165)
	at org.openqa.selenium.remote.ElementLocation.findElement(ElementLocation.java:59)
	at org.openqa.selenium.remote.RemoteWebDriver.findElement(RemoteWebDriver.java:355)
	at org.openqa.selenium.remote.RemoteWebDriver.findElement(RemoteWebDriver.java:349)
	at org.openqa.selenium.support.pagefactory.DefaultElementLocator.findElement(DefaultElementLocator.java:68)
	at org.openqa.selenium.support.pagefactory.internal.LocatingElementHandler.invoke(LocatingElementHandler.java:38)
	at jdk.proxy2/jdk.proxy2.$Proxy23.isDisplayed(Unknown Source)
	at org.openqa.selenium.support.ui.ExpectedConditions.elementIfVisible(ExpectedConditions.java:304)
	at org.openqa.selenium.support.ui.ExpectedConditions.access$000(ExpectedConditions.java:37)
	at org.openqa.selenium.support.ui.ExpectedConditions$10.apply(ExpectedConditions.java:290)
	at org.openqa.selenium.support.ui.ExpectedConditions$10.apply(ExpectedConditions.java:287)
	at org.openqa.selenium.support.ui.FluentWait.until(FluentWait.java:205)
	at Pages.LoginPage.setUserNameTextBox(LoginPage.java:33)
	at StepDefinitions.LoginSteps.setUserName(LoginSteps.java:14)
	at java.base/jdk.internal.reflect.DirectMethodHandleAccessor.invoke(DirectMethodHandleAccessor.java:104)
	at java.base/java.lang.reflect.Method.invoke(Method.java:578)
	at io.cucumber.java.Invoker.doInvoke(Invoker.java:66)
	at io.cucumber.java.Invoker.invoke(Invoker.java:24)
	at io.cucumber.java.AbstractGlueDefinition.invokeMethod(AbstractGlueDefinition.java:47)
	at io.cucumber.java.JavaStepDefinition.execute(JavaStepDefinition.java:29)
	at io.cucumber.core.runner.CoreStepDefinition.execute(CoreStepDefinition.java:66)
	at io.cucumber.core.runner.PickleStepDefinitionMatch.runStep(PickleStepDefinitionMatch.java:63)
	at io.cucumber.core.runner.ExecutionMode$1.execute(ExecutionMode.java:10)
	at io.cucumber.core.runner.TestStep.executeStep(TestStep.java:84)
	at io.cucumber.core.runner.TestStep.run(TestStep.java:56)
	at io.cucumber.core.runner.PickleStepTestStep.run(PickleStepTestStep.java:51)
	at io.cucumber.core.runner.TestCase.run(TestCase.java:84)
	at io.cucumber.core.runner.Runner.runPickle(Runner.java:75)
	at io.cucumber.junit.PickleRunners$NoStepDescriptions.lambda$run$0(PickleRunners.java:151)
	at io.cucumber.core.runtime.CucumberExecutionContext.lambda$runTestCase$5(CucumberExecutionContext.java:137)
	at io.cucumber.core.runtime.RethrowingThrowableCollector.executeAndThrow(RethrowingThrowableCollector.java:23)
	at io.cucumber.core.runtime.CucumberExecutionContext.runTestCase(CucumberExecutionContext.java:137)
	at io.cucumber.junit.PickleRunners$NoStepDescriptions.run(PickleRunners.java:148)
	at io.cucumber.junit.FeatureRunner.runChild(FeatureRunner.java:144)
	at io.cucumber.junit.FeatureRunner.runChild(FeatureRunner.java:28)
	at org.junit.runners.ParentRunner$4.run(ParentRunner.java:331)
	at org.junit.runners.ParentRunner$1.schedule(ParentRunner.java:79)
	at org.junit.runners.ParentRunner.runChildren(ParentRunner.java:329)
	at org.junit.runners.ParentRunner.access$100(ParentRunner.java:66)
	at org.junit.runners.ParentRunner$2.evaluate(ParentRunner.java:293)
	at org.junit.runners.ParentRunner$3.evaluate(ParentRunner.java:306)
	at org.junit.runners.ParentRunner.run(ParentRunner.java:413)
	at io.cucumber.junit.FeatureRunner.run(FeatureRunner.java:137)
	at io.cucumber.junit.Cucumber.runChild(Cucumber.java:196)
	at io.cucumber.junit.Cucumber.runChild(Cucumber.java:89)
	at org.junit.runners.ParentRunner$4.run(ParentRunner.java:331)
	at org.junit.runners.ParentRunner$1.schedule(ParentRunner.java:79)
	at org.junit.runners.ParentRunner.runChildren(ParentRunner.java:329)
	at org.junit.runners.ParentRunner.access$100(ParentRunner.java:66)
	at org.junit.runners.ParentRunner$2.evaluate(ParentRunner.java:293)
	at io.cucumber.core.runtime.CucumberExecutionContext.lambda$runFeatures$6(CucumberExecutionContext.java:148)
	at io.cucumber.core.runtime.CucumberExecutionContext.execute(CucumberExecutionContext.java:163)
	at io.cucumber.core.runtime.CucumberExecutionContext.runFeatures(CucumberExecutionContext.java:146)
	at io.cucumber.junit.Cucumber$StartAndFinishTestRun.evaluate(Cucumber.java:226)
	at org.junit.runners.ParentRunner$3.evaluate(ParentRunner.java:306)
	at org.junit.runners.ParentRunner.run(ParentRunner.java:413)
	at org.junit.runner.JUnitCore.run(JUnitCore.java:137)
	at com.intellij.junit4.JUnit4IdeaTestRunner.startRunnerWithArgs(JUnit4IdeaTestRunner.java:69)
	at com.intellij.rt.junit.IdeaTestRunner$Repeater$1.execute(IdeaTestRunner.java:38)
	at com.intellij.rt.execution.junit.TestsRepeater.repeat(TestsRepeater.java:11)
	at com.intellij.rt.junit.IdeaTestRunner$Repeater.startRunnerWithArgs(IdeaTestRunner.java:35)
	at com.intellij.rt.junit.JUnitStarter.prepareStreamsAndStart(JUnitStarter.java:232)
	at com.intellij.rt.junit.JUnitStarter.main(JUnitStarter.java:55)
</textarea>
				</li>
				<li test-id='108' class='gc and Skip' status='Skip'>
					<h6 class="step-name" title="StepDefinitions.LoginSteps.setPassword(java.lang.String)"><span class='status skip' title='Skip'><i class='material-icons'>redo</i></span>And I set the password field with "admin123"</h6>

							<div class="node-step">Step skipped</div>
				</li>
				<li test-id='109' class='gc when Skip' status='Skip'>
					<h6 class="step-name" title="StepDefinitions.LoginSteps.clickOnLoginButton()"><span class='status skip' title='Skip'><i class='material-icons'>redo</i></span>When I click on the login button</h6>

							<div class="node-step">Step skipped</div>
				</li>
				<li test-id='110' class='gc given Skip' status='Skip'>
					<h6 class="step-name" title="StepDefinitions.PIMSteps.clickOnPIMButton()"><span class='status skip' title='Skip'><i class='material-icons'>redo</i></span>Given I click on the PIM button</h6>

							<div class="node-step">Step skipped</div>
				</li>
				<li test-id='111' class='gc given Skip' status='Skip'>
					<h6 class="step-name" title="StepDefinitions.PIMSteps.searchEmployee(java.lang.String)"><span class='status skip' title='Skip'><i class='material-icons'>redo</i></span>Given I verify employee by "Leonardo" in the list</h6>

							<div class="node-step">Step skipped</div>
				</li>
				<li test-id='112' class='gc then Skip' status='Skip'>
					<h6 class="step-name" title="StepDefinitions.PIMSteps.clickOnDeleteButton()"><span class='status skip' title='Skip'><i class='material-icons'>redo</i></span>Then I click delete button</h6>

							<div class="node-step">Step skipped</div>
				</li>
				<li test-id='113' class='gc and Skip' status='Skip'>
					<h6 class="step-name" title="StepDefinitions.PIMSteps.verifyEmployeeCorrectlyDeleted(java.lang.String)"><span class='status skip' title='Skip'><i class='material-icons'>redo</i></span>And I verify employee "Leonardo" was deleted correctly</h6>

							<div class="node-step">Step skipped</div>
				</li>
				<li test-id='114' class='gc then Skip' status='Skip'>
					<h6 class="step-name" title="StepDefinitions.PIMSteps.logout()"><span class='status skip' title='Skip'><i class='material-icons'>redo</i></span>Then I logout to orange demo page</h6>

							<div class="node-step">Step skipped</div>
				</li>
			</ul>
		</li>
		<li test-id='115' class='node scenario Fail' status='Fail'>
			<div class="step-name" title="()"><span class='status fail' title='Fail'><i class='material-icons'>cancel</i></span>Delete employee</div>

				<div class='category-list'>
						<span class='category label'>@DeleteEmployee</span>
				</div>

			<ul class='gc steps'>
				<li test-id='116' class='gc given Pass' status='Pass'>
					<h6 class="step-name" title="StepDefinitions.CommonSteps.goToSauceDemoPage()"><span class='status pass' title='Pass'><i class='material-icons'>check_circle</i></span>Given I am in orange demo web page</h6>

				</li>
				<li test-id='117' class='gc and Fail' status='Fail'>
					<h6 class="step-name" title="StepDefinitions.LoginSteps.setUserName(java.lang.String)"><span class='status fail' title='Fail'><i class='material-icons'>cancel</i></span>And I set the user name field with "Admin"</h6>

							<textarea disabled class="code-block">org.openqa.selenium.TimeoutException: Expected condition failed: waiting for visibility of Proxy element for: DefaultElementLocator 'By.cssSelector: input[name='username']' (tried for 20 second(s) with 500 milliseconds interval)
	at org.openqa.selenium.support.ui.WebDriverWait.timeoutException(WebDriverWait.java:84)
	at org.openqa.selenium.support.ui.FluentWait.until(FluentWait.java:230)
	at Pages.LoginPage.setUserNameTextBox(LoginPage.java:33)
	at StepDefinitions.LoginSteps.setUserName(LoginSteps.java:14)
	at ✽.I set the user name field with "Admin"(file:///D:/1UNIVERSIDAD/CERTIFICACIÓN%20II/ProyectoFinal/src/test/resources/PIM.feature:4)
Caused by: org.openqa.selenium.NoSuchElementException: no such element: Unable to locate element: {"method":"css selector","selector":"input[name='username']"}
  (Session info: chrome=116.0.5845.188)
For documentation on this error, please visit: https://www.selenium.dev/documentation/webdriver/troubleshooting/errors#no-such-element-exception
Build info: version: '4.11.0', revision: '040bc5406b'
System info: os.name: 'Windows 11', os.arch: 'amd64', os.version: '10.0', java.version: '20.0.2'
Driver info: org.openqa.selenium.chrome.ChromeDriver
Command: [0c4f3ccc73c974cbd8a55a7c7bbe1b93, findElement {using=css selector, value=input[name='username']}]
Capabilities {acceptInsecureCerts: false, browserName: chrome, browserVersion: 116.0.5845.188, chrome: {chromedriverVersion: 116.0.5845.96 (1a3918166880..., userDataDir: C:\Users\selwa\AppData\Loca...}, fedcm:accounts: true, goog:chromeOptions: {debuggerAddress: localhost:49482}, networkConnectionEnabled: false, pageLoadStrategy: normal, platformName: windows, proxy: Proxy(), se:cdp: ws://localhost:49482/devtoo..., se:cdpVersion: 116.0.5845.188, setWindowRect: true, strictFileInteractability: false, timeouts: {implicit: 0, pageLoad: 300000, script: 30000}, unhandledPromptBehavior: dismiss and notify, webauthn:extension:credBlob: true, webauthn:extension:largeBlob: true, webauthn:extension:minPinLength: true, webauthn:extension:prf: true, webauthn:virtualAuthenticators: true}
Session ID: 0c4f3ccc73c974cbd8a55a7c7bbe1b93
	at java.base/jdk.internal.reflect.DirectConstructorHandleAccessor.newInstance(DirectConstructorHandleAccessor.java:67)
	at java.base/java.lang.reflect.Constructor.newInstanceWithCaller(Constructor.java:500)
	at java.base/java.lang.reflect.Constructor.newInstance(Constructor.java:484)
	at org.openqa.selenium.remote.codec.w3c.W3CHttpResponseCodec.createException(W3CHttpResponseCodec.java:200)
	at org.openqa.selenium.remote.codec.w3c.W3CHttpResponseCodec.decode(W3CHttpResponseCodec.java:133)
	at org.openqa.selenium.remote.codec.w3c.W3CHttpResponseCodec.decode(W3CHttpResponseCodec.java:52)
	at org.openqa.selenium.remote.HttpCommandExecutor.execute(HttpCommandExecutor.java:191)
	at org.openqa.selenium.remote.service.DriverCommandExecutor.invokeExecute(DriverCommandExecutor.java:196)
	at org.openqa.selenium.remote.service.DriverCommandExecutor.execute(DriverCommandExecutor.java:171)
	at org.openqa.selenium.remote.RemoteWebDriver.execute(RemoteWebDriver.java:518)
	at org.openqa.selenium.remote.ElementLocation$ElementFinder$2.findElement(ElementLocation.java:165)
	at org.openqa.selenium.remote.ElementLocation.findElement(ElementLocation.java:59)
	at org.openqa.selenium.remote.RemoteWebDriver.findElement(RemoteWebDriver.java:355)
	at org.openqa.selenium.remote.RemoteWebDriver.findElement(RemoteWebDriver.java:349)
	at org.openqa.selenium.support.pagefactory.DefaultElementLocator.findElement(DefaultElementLocator.java:68)
	at org.openqa.selenium.support.pagefactory.internal.LocatingElementHandler.invoke(LocatingElementHandler.java:38)
	at jdk.proxy2/jdk.proxy2.$Proxy23.isDisplayed(Unknown Source)
	at org.openqa.selenium.support.ui.ExpectedConditions.elementIfVisible(ExpectedConditions.java:304)
	at org.openqa.selenium.support.ui.ExpectedConditions.access$000(ExpectedConditions.java:37)
	at org.openqa.selenium.support.ui.ExpectedConditions$10.apply(ExpectedConditions.java:290)
	at org.openqa.selenium.support.ui.ExpectedConditions$10.apply(ExpectedConditions.java:287)
	at org.openqa.selenium.support.ui.FluentWait.until(FluentWait.java:205)
	at Pages.LoginPage.setUserNameTextBox(LoginPage.java:33)
	at StepDefinitions.LoginSteps.setUserName(LoginSteps.java:14)
	at java.base/jdk.internal.reflect.DirectMethodHandleAccessor.invoke(DirectMethodHandleAccessor.java:104)
	at java.base/java.lang.reflect.Method.invoke(Method.java:578)
	at io.cucumber.java.Invoker.doInvoke(Invoker.java:66)
	at io.cucumber.java.Invoker.invoke(Invoker.java:24)
	at io.cucumber.java.AbstractGlueDefinition.invokeMethod(AbstractGlueDefinition.java:47)
	at io.cucumber.java.JavaStepDefinition.execute(JavaStepDefinition.java:29)
	at io.cucumber.core.runner.CoreStepDefinition.execute(CoreStepDefinition.java:66)
	at io.cucumber.core.runner.PickleStepDefinitionMatch.runStep(PickleStepDefinitionMatch.java:63)
	at io.cucumber.core.runner.ExecutionMode$1.execute(ExecutionMode.java:10)
	at io.cucumber.core.runner.TestStep.executeStep(TestStep.java:84)
	at io.cucumber.core.runner.TestStep.run(TestStep.java:56)
	at io.cucumber.core.runner.PickleStepTestStep.run(PickleStepTestStep.java:51)
	at io.cucumber.core.runner.TestCase.run(TestCase.java:84)
	at io.cucumber.core.runner.Runner.runPickle(Runner.java:75)
	at io.cucumber.junit.PickleRunners$NoStepDescriptions.lambda$run$0(PickleRunners.java:151)
	at io.cucumber.core.runtime.CucumberExecutionContext.lambda$runTestCase$5(CucumberExecutionContext.java:137)
	at io.cucumber.core.runtime.RethrowingThrowableCollector.executeAndThrow(RethrowingThrowableCollector.java:23)
	at io.cucumber.core.runtime.CucumberExecutionContext.runTestCase(CucumberExecutionContext.java:137)
	at io.cucumber.junit.PickleRunners$NoStepDescriptions.run(PickleRunners.java:148)
	at io.cucumber.junit.FeatureRunner.runChild(FeatureRunner.java:144)
	at io.cucumber.junit.FeatureRunner.runChild(FeatureRunner.java:28)
	at org.junit.runners.ParentRunner$4.run(ParentRunner.java:331)
	at org.junit.runners.ParentRunner$1.schedule(ParentRunner.java:79)
	at org.junit.runners.ParentRunner.runChildren(ParentRunner.java:329)
	at org.junit.runners.ParentRunner.access$100(ParentRunner.java:66)
	at org.junit.runners.ParentRunner$2.evaluate(ParentRunner.java:293)
	at org.junit.runners.ParentRunner$3.evaluate(ParentRunner.java:306)
	at org.junit.runners.ParentRunner.run(ParentRunner.java:413)
	at io.cucumber.junit.FeatureRunner.run(FeatureRunner.java:137)
	at io.cucumber.junit.Cucumber.runChild(Cucumber.java:196)
	at io.cucumber.junit.Cucumber.runChild(Cucumber.java:89)
	at org.junit.runners.ParentRunner$4.run(ParentRunner.java:331)
	at org.junit.runners.ParentRunner$1.schedule(ParentRunner.java:79)
	at org.junit.runners.ParentRunner.runChildren(ParentRunner.java:329)
	at org.junit.runners.ParentRunner.access$100(ParentRunner.java:66)
	at org.junit.runners.ParentRunner$2.evaluate(ParentRunner.java:293)
	at io.cucumber.core.runtime.CucumberExecutionContext.lambda$runFeatures$6(CucumberExecutionContext.java:148)
	at io.cucumber.core.runtime.CucumberExecutionContext.execute(CucumberExecutionContext.java:163)
	at io.cucumber.core.runtime.CucumberExecutionContext.runFeatures(CucumberExecutionContext.java:146)
	at io.cucumber.junit.Cucumber$StartAndFinishTestRun.evaluate(Cucumber.java:226)
	at org.junit.runners.ParentRunner$3.evaluate(ParentRunner.java:306)
	at org.junit.runners.ParentRunner.run(ParentRunner.java:413)
	at org.junit.runner.JUnitCore.run(JUnitCore.java:137)
	at com.intellij.junit4.JUnit4IdeaTestRunner.startRunnerWithArgs(JUnit4IdeaTestRunner.java:69)
	at com.intellij.rt.junit.IdeaTestRunner$Repeater$1.execute(IdeaTestRunner.java:38)
	at com.intellij.rt.execution.junit.TestsRepeater.repeat(TestsRepeater.java:11)
	at com.intellij.rt.junit.IdeaTestRunner$Repeater.startRunnerWithArgs(IdeaTestRunner.java:35)
	at com.intellij.rt.junit.JUnitStarter.prepareStreamsAndStart(JUnitStarter.java:232)
	at com.intellij.rt.junit.JUnitStarter.main(JUnitStarter.java:55)
</textarea>
				</li>
				<li test-id='118' class='gc and Skip' status='Skip'>
					<h6 class="step-name" title="StepDefinitions.LoginSteps.setPassword(java.lang.String)"><span class='status skip' title='Skip'><i class='material-icons'>redo</i></span>And I set the password field with "admin123"</h6>

							<div class="node-step">Step skipped</div>
				</li>
				<li test-id='119' class='gc when Skip' status='Skip'>
					<h6 class="step-name" title="StepDefinitions.LoginSteps.clickOnLoginButton()"><span class='status skip' title='Skip'><i class='material-icons'>redo</i></span>When I click on the login button</h6>

							<div class="node-step">Step skipped</div>
				</li>
				<li test-id='120' class='gc given Skip' status='Skip'>
					<h6 class="step-name" title="StepDefinitions.PIMSteps.clickOnPIMButton()"><span class='status skip' title='Skip'><i class='material-icons'>redo</i></span>Given I click on the PIM button</h6>

							<div class="node-step">Step skipped</div>
				</li>
				<li test-id='121' class='gc given Skip' status='Skip'>
					<h6 class="step-name" title="StepDefinitions.PIMSteps.searchEmployee(java.lang.String)"><span class='status skip' title='Skip'><i class='material-icons'>redo</i></span>Given I verify employee by "Justin" in the list</h6>

							<div class="node-step">Step skipped</div>
				</li>
				<li test-id='122' class='gc then Skip' status='Skip'>
					<h6 class="step-name" title="StepDefinitions.PIMSteps.clickOnDeleteButton()"><span class='status skip' title='Skip'><i class='material-icons'>redo</i></span>Then I click delete button</h6>

							<div class="node-step">Step skipped</div>
				</li>
				<li test-id='123' class='gc and Skip' status='Skip'>
					<h6 class="step-name" title="StepDefinitions.PIMSteps.verifyEmployeeCorrectlyDeleted(java.lang.String)"><span class='status skip' title='Skip'><i class='material-icons'>redo</i></span>And I verify employee "Justin" was deleted correctly</h6>

							<div class="node-step">Step skipped</div>
				</li>
				<li test-id='124' class='gc then Skip' status='Skip'>
					<h6 class="step-name" title="StepDefinitions.PIMSteps.logout()"><span class='status skip' title='Skip'><i class='material-icons'>redo</i></span>Then I logout to orange demo page</h6>

							<div class="node-step">Step skipped</div>
				</li>
			</ul>
		</li>
	</ul>
</div>
					</div>
				</li>
			</ul>
		</div>
	</div>
	
	
	<!-- subview left -->
	<div class='subview-right left'>
		<div class='view-summary'>
			<div id='step-filters' class="right sr-filters">
				<a class="btn-floating waves-effect waves-light green" status="pass" alt="pass" title="pass"><i class="material-icons">check_circle</i></a>
				<a class="btn-floating waves-effect waves-light red" status="fail" alt="fail" title="fail"><i class="material-icons">cancel</i></a>
				<a class="btn-floating waves-effect waves-light red darken-4" status="fatal" alt="fatal" title="fatal"><i class="material-icons">cancel</i></a>
				<a class="btn-floating waves-effect waves-light pink text-lighten-1" status="error" alt="error" title="error"><i class="material-icons">error</i></a>
				<a class="btn-floating waves-effect waves-light orange" alt="warning" status="warning" title="warning"><i class="material-icons">warning</i></a>
				<a class="btn-floating waves-effect waves-light teal" status="skip" alt="skip" title="skip"><i class="material-icons">redo</i></a>
				<a class="btn-floating waves-effect waves-light grey" status="clear" alt="Clear filters" title="Clear filters"><i class="material-icons">clear</i></a>
			</div>
			<h5 class='test-name'></h5>
		</div>
	</div>
	<!-- subview right -->
</div>
<!-- test view --><div id='category-view' class='view hide'>
	<section id='controls'>
		<div class='controls grey lighten-4'>
			<!-- search -->
			<div class='chip transparent' alt='Search Tests' title='Search Tests'>
				<a href="#" class='search-div'>
				<i class='material-icons'>search</i> Search
				</a>
				<div class='input-field left hide'>
					<input id='search-tests' type='text' class='validate browser-default' placeholder='Search Tests...'>
				</div>
			</div>
			<!-- search -->
		</div>
	</section>
	<div class='subview-left left'>
		<div class='view-summary'>
			<ul id='category-collection' class='category-collection'>
				<li class='category displayed active'>
					<div class='category-heading'>
						<span class='category-name'>@AddEmployee</span>
						<span class='category-status right'>
						<span class='label pass'>4</span>
						</span>
					</div>
					<div class='category-content hide'>
						<div class='category-status-counts'>
							<span status="pass" class='label green accent-4 white-text'>Passed: 4</span>
							
							
						</div>
						<div class='category-tests'>
							<table class='bordered table-results'>
								<thead>
									<tr>
										<th>Timestamp</th>
										<th>TestName</th>
										<th>Status</th>
									</tr>
								</thead>
								<tbody>
									<tr>
										<td>sept 15, 2023 08:39:18 p. m.</td>
										<td class='linked' test-id='36'>Add new employee</td>
										<td><span class='test-status Pass'>Pass</span></td>
									</tr>
									<tr>
										<td>sept 15, 2023 08:39:30 p. m.</td>
										<td class='linked' test-id='48'>Add new employee</td>
										<td><span class='test-status Pass'>Pass</span></td>
									</tr>
									<tr>
										<td>sept 15, 2023 08:39:43 p. m.</td>
										<td class='linked' test-id='60'>Add new employee</td>
										<td><span class='test-status Pass'>Pass</span></td>
									</tr>
									<tr>
										<td>sept 15, 2023 08:39:56 p. m.</td>
										<td class='linked' test-id='72'>Add new employee</td>
										<td><span class='test-status Pass'>Pass</span></td>
									</tr>
								</tbody>
							</table>
						</div>
					</div>
				</li>
				<li class='category displayed active'>
					<div class='category-heading'>
						<span class='category-name'>@DeleteEmployee</span>
						<span class='category-status right'>
						<span class='label pass'>1</span>
						<span class='label fail'>3</span>
						</span>
					</div>
					<div class='category-content hide'>
						<div class='category-status-counts'>
							<span status="pass" class='label green accent-4 white-text'>Passed: 1</span>
							<span status="fail" class='label red lighten-1 white-text'>Failed: 3</span>
							
						</div>
						<div class='category-tests'>
							<table class='bordered table-results'>
								<thead>
									<tr>
										<th>Timestamp</th>
										<th>TestName</th>
										<th>Status</th>
									</tr>
								</thead>
								<tbody>
									<tr>
										<td>sept 15, 2023 08:40:09 p. m.</td>
										<td class='linked' test-id='85'>Delete employee</td>
										<td><span class='test-status Pass'>Pass</span></td>
									</tr>
									<tr>
										<td>sept 15, 2023 08:40:40 p. m.</td>
										<td class='linked' test-id='95'>Delete employee</td>
										<td><span class='test-status Fail'>Fail</span></td>
									</tr>
									<tr>
										<td>sept 15, 2023 08:40:55 p. m.</td>
										<td class='linked' test-id='105'>Delete employee</td>
										<td><span class='test-status Fail'>Fail</span></td>
									</tr>
									<tr>
										<td>sept 15, 2023 08:41:17 p. m.</td>
										<td class='linked' test-id='115'>Delete employee</td>
										<td><span class='test-status Fail'>Fail</span></td>
									</tr>
								</tbody>
							</table>
						</div>
					</div>
				</li>
				<li class='category displayed active'>
					<div class='category-heading'>
						<span class='category-name'>@AddPost</span>
						<span class='category-status right'>
						<span class='label pass'>1</span>
						</span>
					</div>
					<div class='category-content hide'>
						<div class='category-status-counts'>
							<span status="pass" class='label green accent-4 white-text'>Passed: 1</span>
							
							
						</div>
						<div class='category-tests'>
							<table class='bordered table-results'>
								<thead>
									<tr>
										<th>Timestamp</th>
										<th>TestName</th>
										<th>Status</th>
									</tr>
								</thead>
								<tbody>
									<tr>
										<td>sept 15, 2023 08:39:05 p. m.</td>
										<td class='linked' test-id='16'>Add new post</td>
										<td><span class='test-status Pass'>Pass</span></td>
									</tr>
								</tbody>
							</table>
						</div>
					</div>
				</li>
				<li class='category displayed active'>
					<div class='category-heading'>
						<span class='category-name'>@loginWithValidCredentials</span>
						<span class='category-status right'>
						<span class='label pass'>1</span>
						</span>
					</div>
					<div class='category-content hide'>
						<div class='category-status-counts'>
							<span status="pass" class='label green accent-4 white-text'>Passed: 1</span>
							
							
						</div>
						<div class='category-tests'>
							<table class='bordered table-results'>
								<thead>
									<tr>
										<th>Timestamp</th>
										<th>TestName</th>
										<th>Status</th>
									</tr>
								</thead>
								<tbody>
									<tr>
										<td>sept 15, 2023 08:39:13 p. m.</td>
										<td class='linked' test-id='27'>Login into Orange Demo page with valid credentials</td>
										<td><span class='test-status Pass'>Pass</span></td>
									</tr>
								</tbody>
							</table>
						</div>
					</div>
				</li>
				<li class='category displayed active'>
					<div class='category-heading'>
						<span class='category-name'>@AddLocation</span>
						<span class='category-status right'>
						<span class='label pass'>1</span>
						</span>
					</div>
					<div class='category-content hide'>
						<div class='category-status-counts'>
							<span status="pass" class='label green accent-4 white-text'>Passed: 1</span>
							
							
						</div>
						<div class='category-tests'>
							<table class='bordered table-results'>
								<thead>
									<tr>
										<th>Timestamp</th>
										<th>TestName</th>
										<th>Status</th>
									</tr>
								</thead>
								<tbody>
									<tr>
										<td>sept 15, 2023 08:38:41 p. m.</td>
										<td class='linked' test-id='2'>Add new location</td>
										<td><span class='test-status Pass'>Pass</span></td>
									</tr>
								</tbody>
							</table>
						</div>
					</div>
				</li>
			</ul>
		</div>
	</div>
	<div class='subview-right left'>
		<div class='view-summary'>
			<h5 class='category-name'></h5>
		</div>
	</div>
</div>
<!-- category view --><div id='exception-view' class='view hide'>
	<section id='controls'>
		<div class='controls grey lighten-4'>
			<!-- search -->
			<div class='chip transparent' alt='Search Tests' title='Search Tests'>
				<a href="#" class='search-div'>
				<i class='material-icons'>search</i> Search
				</a>
				<div class='input-field left hide'>
					<input id='search-tests' type='text' class='validate browser-default' placeholder='Search Tests...'>
				</div>
			</div>
			<!-- search -->
		</div>
	</section>
	<div class='subview-left left'>
		<div class='view-summary'>
			<ul id='exception-collection' class='exception-collection'>
				<li class='exception displayed active'>
					<div class='exception-heading'>
						<span class='exception-name'>org.openqa.selenium.TimeoutException</span>
						<span class='exception-count right'><span class='label red lighten-1 white-text'>2</span></span>
					</div>
					<div class='exception-content hide'>
						<div class='exception-tests'>
							<table class='bordered table-results'>
								<thead>
									<tr>
										<th>Timestamp</th>
										<th>TestName</th>
										<th>StackTrace</th>
									</tr>
								</thead>
								<tbody>
									<tr>
										<td>sept 15, 2023 08:40:57 p. m.</td>
										<td class='linked' test-id='107'>And I set the user name field with "Admin"</td>
										<td>
											<textarea disabled class="code-block">org.openqa.selenium.TimeoutException: Expected condition failed: waiting for visibility of Proxy element for: DefaultElementLocator 'By.cssSelector: input[name='username']' (tried for 20 second(s) with 500 milliseconds interval)
	at org.openqa.selenium.support.ui.WebDriverWait.timeoutException(WebDriverWait.java:84)
	at org.openqa.selenium.support.ui.FluentWait.until(FluentWait.java:230)
	at Pages.LoginPage.setUserNameTextBox(LoginPage.java:33)
	at StepDefinitions.LoginSteps.setUserName(LoginSteps.java:14)
	at ✽.I set the user name field with "Admin"(file:///D:/1UNIVERSIDAD/CERTIFICACIÓN%20II/ProyectoFinal/src/test/resources/PIM.feature:4)
Caused by: org.openqa.selenium.NoSuchElementException: no such element: Unable to locate element: {"method":"css selector","selector":"input[name='username']"}
  (Session info: chrome=116.0.5845.188)
For documentation on this error, please visit: https://www.selenium.dev/documentation/webdriver/troubleshooting/errors#no-such-element-exception
Build info: version: '4.11.0', revision: '040bc5406b'
System info: os.name: 'Windows 11', os.arch: 'amd64', os.version: '10.0', java.version: '20.0.2'
Driver info: org.openqa.selenium.chrome.ChromeDriver
Command: [0c4f3ccc73c974cbd8a55a7c7bbe1b93, findElement {using=css selector, value=input[name='username']}]
Capabilities {acceptInsecureCerts: false, browserName: chrome, browserVersion: 116.0.5845.188, chrome: {chromedriverVersion: 116.0.5845.96 (1a3918166880..., userDataDir: C:\Users\selwa\AppData\Loca...}, fedcm:accounts: true, goog:chromeOptions: {debuggerAddress: localhost:49482}, networkConnectionEnabled: false, pageLoadStrategy: normal, platformName: windows, proxy: Proxy(), se:cdp: ws://localhost:49482/devtoo..., se:cdpVersion: 116.0.5845.188, setWindowRect: true, strictFileInteractability: false, timeouts: {implicit: 0, pageLoad: 300000, script: 30000}, unhandledPromptBehavior: dismiss and notify, webauthn:extension:credBlob: true, webauthn:extension:largeBlob: true, webauthn:extension:minPinLength: true, webauthn:extension:prf: true, webauthn:virtualAuthenticators: true}
Session ID: 0c4f3ccc73c974cbd8a55a7c7bbe1b93
	at java.base/jdk.internal.reflect.DirectConstructorHandleAccessor.newInstance(DirectConstructorHandleAccessor.java:67)
	at java.base/java.lang.reflect.Constructor.newInstanceWithCaller(Constructor.java:500)
	at java.base/java.lang.reflect.Constructor.newInstance(Constructor.java:484)
	at org.openqa.selenium.remote.codec.w3c.W3CHttpResponseCodec.createException(W3CHttpResponseCodec.java:200)
	at org.openqa.selenium.remote.codec.w3c.W3CHttpResponseCodec.decode(W3CHttpResponseCodec.java:133)
	at org.openqa.selenium.remote.codec.w3c.W3CHttpResponseCodec.decode(W3CHttpResponseCodec.java:52)
	at org.openqa.selenium.remote.HttpCommandExecutor.execute(HttpCommandExecutor.java:191)
	at org.openqa.selenium.remote.service.DriverCommandExecutor.invokeExecute(DriverCommandExecutor.java:196)
	at org.openqa.selenium.remote.service.DriverCommandExecutor.execute(DriverCommandExecutor.java:171)
	at org.openqa.selenium.remote.RemoteWebDriver.execute(RemoteWebDriver.java:518)
	at org.openqa.selenium.remote.ElementLocation$ElementFinder$2.findElement(ElementLocation.java:165)
	at org.openqa.selenium.remote.ElementLocation.findElement(ElementLocation.java:59)
	at org.openqa.selenium.remote.RemoteWebDriver.findElement(RemoteWebDriver.java:355)
	at org.openqa.selenium.remote.RemoteWebDriver.findElement(RemoteWebDriver.java:349)
	at org.openqa.selenium.support.pagefactory.DefaultElementLocator.findElement(DefaultElementLocator.java:68)
	at org.openqa.selenium.support.pagefactory.internal.LocatingElementHandler.invoke(LocatingElementHandler.java:38)
	at jdk.proxy2/jdk.proxy2.$Proxy23.isDisplayed(Unknown Source)
	at org.openqa.selenium.support.ui.ExpectedConditions.elementIfVisible(ExpectedConditions.java:304)
	at org.openqa.selenium.support.ui.ExpectedConditions.access$000(ExpectedConditions.java:37)
	at org.openqa.selenium.support.ui.ExpectedConditions$10.apply(ExpectedConditions.java:290)
	at org.openqa.selenium.support.ui.ExpectedConditions$10.apply(ExpectedConditions.java:287)
	at org.openqa.selenium.support.ui.FluentWait.until(FluentWait.java:205)
	at Pages.LoginPage.setUserNameTextBox(LoginPage.java:33)
	at StepDefinitions.LoginSteps.setUserName(LoginSteps.java:14)
	at java.base/jdk.internal.reflect.DirectMethodHandleAccessor.invoke(DirectMethodHandleAccessor.java:104)
	at java.base/java.lang.reflect.Method.invoke(Method.java:578)
	at io.cucumber.java.Invoker.doInvoke(Invoker.java:66)
	at io.cucumber.java.Invoker.invoke(Invoker.java:24)
	at io.cucumber.java.AbstractGlueDefinition.invokeMethod(AbstractGlueDefinition.java:47)
	at io.cucumber.java.JavaStepDefinition.execute(JavaStepDefinition.java:29)
	at io.cucumber.core.runner.CoreStepDefinition.execute(CoreStepDefinition.java:66)
	at io.cucumber.core.runner.PickleStepDefinitionMatch.runStep(PickleStepDefinitionMatch.java:63)
	at io.cucumber.core.runner.ExecutionMode$1.execute(ExecutionMode.java:10)
	at io.cucumber.core.runner.TestStep.executeStep(TestStep.java:84)
	at io.cucumber.core.runner.TestStep.run(TestStep.java:56)
	at io.cucumber.core.runner.PickleStepTestStep.run(PickleStepTestStep.java:51)
	at io.cucumber.core.runner.TestCase.run(TestCase.java:84)
	at io.cucumber.core.runner.Runner.runPickle(Runner.java:75)
	at io.cucumber.junit.PickleRunners$NoStepDescriptions.lambda$run$0(PickleRunners.java:151)
	at io.cucumber.core.runtime.CucumberExecutionContext.lambda$runTestCase$5(CucumberExecutionContext.java:137)
	at io.cucumber.core.runtime.RethrowingThrowableCollector.executeAndThrow(RethrowingThrowableCollector.java:23)
	at io.cucumber.core.runtime.CucumberExecutionContext.runTestCase(CucumberExecutionContext.java:137)
	at io.cucumber.junit.PickleRunners$NoStepDescriptions.run(PickleRunners.java:148)
	at io.cucumber.junit.FeatureRunner.runChild(FeatureRunner.java:144)
	at io.cucumber.junit.FeatureRunner.runChild(FeatureRunner.java:28)
	at org.junit.runners.ParentRunner$4.run(ParentRunner.java:331)
	at org.junit.runners.ParentRunner$1.schedule(ParentRunner.java:79)
	at org.junit.runners.ParentRunner.runChildren(ParentRunner.java:329)
	at org.junit.runners.ParentRunner.access$100(ParentRunner.java:66)
	at org.junit.runners.ParentRunner$2.evaluate(ParentRunner.java:293)
	at org.junit.runners.ParentRunner$3.evaluate(ParentRunner.java:306)
	at org.junit.runners.ParentRunner.run(ParentRunner.java:413)
	at io.cucumber.junit.FeatureRunner.run(FeatureRunner.java:137)
	at io.cucumber.junit.Cucumber.runChild(Cucumber.java:196)
	at io.cucumber.junit.Cucumber.runChild(Cucumber.java:89)
	at org.junit.runners.ParentRunner$4.run(ParentRunner.java:331)
	at org.junit.runners.ParentRunner$1.schedule(ParentRunner.java:79)
	at org.junit.runners.ParentRunner.runChildren(ParentRunner.java:329)
	at org.junit.runners.ParentRunner.access$100(ParentRunner.java:66)
	at org.junit.runners.ParentRunner$2.evaluate(ParentRunner.java:293)
	at io.cucumber.core.runtime.CucumberExecutionContext.lambda$runFeatures$6(CucumberExecutionContext.java:148)
	at io.cucumber.core.runtime.CucumberExecutionContext.execute(CucumberExecutionContext.java:163)
	at io.cucumber.core.runtime.CucumberExecutionContext.runFeatures(CucumberExecutionContext.java:146)
	at io.cucumber.junit.Cucumber$StartAndFinishTestRun.evaluate(Cucumber.java:226)
	at org.junit.runners.ParentRunner$3.evaluate(ParentRunner.java:306)
	at org.junit.runners.ParentRunner.run(ParentRunner.java:413)
	at org.junit.runner.JUnitCore.run(JUnitCore.java:137)
	at com.intellij.junit4.JUnit4IdeaTestRunner.startRunnerWithArgs(JUnit4IdeaTestRunner.java:69)
	at com.intellij.rt.junit.IdeaTestRunner$Repeater$1.execute(IdeaTestRunner.java:38)
	at com.intellij.rt.execution.junit.TestsRepeater.repeat(TestsRepeater.java:11)
	at com.intellij.rt.junit.IdeaTestRunner$Repeater.startRunnerWithArgs(IdeaTestRunner.java:35)
	at com.intellij.rt.junit.JUnitStarter.prepareStreamsAndStart(JUnitStarter.java:232)
	at com.intellij.rt.junit.JUnitStarter.main(JUnitStarter.java:55)
</textarea>
										</td>
									</tr>
									<tr>
										<td>sept 15, 2023 08:41:18 p. m.</td>
										<td class='linked' test-id='117'>And I set the user name field with "Admin"</td>
										<td>
											<textarea disabled class="code-block">org.openqa.selenium.TimeoutException: Expected condition failed: waiting for visibility of Proxy element for: DefaultElementLocator 'By.cssSelector: input[name='username']' (tried for 20 second(s) with 500 milliseconds interval)
	at org.openqa.selenium.support.ui.WebDriverWait.timeoutException(WebDriverWait.java:84)
	at org.openqa.selenium.support.ui.FluentWait.until(FluentWait.java:230)
	at Pages.LoginPage.setUserNameTextBox(LoginPage.java:33)
	at StepDefinitions.LoginSteps.setUserName(LoginSteps.java:14)
	at ✽.I set the user name field with "Admin"(file:///D:/1UNIVERSIDAD/CERTIFICACIÓN%20II/ProyectoFinal/src/test/resources/PIM.feature:4)
Caused by: org.openqa.selenium.NoSuchElementException: no such element: Unable to locate element: {"method":"css selector","selector":"input[name='username']"}
  (Session info: chrome=116.0.5845.188)
For documentation on this error, please visit: https://www.selenium.dev/documentation/webdriver/troubleshooting/errors#no-such-element-exception
Build info: version: '4.11.0', revision: '040bc5406b'
System info: os.name: 'Windows 11', os.arch: 'amd64', os.version: '10.0', java.version: '20.0.2'
Driver info: org.openqa.selenium.chrome.ChromeDriver
Command: [0c4f3ccc73c974cbd8a55a7c7bbe1b93, findElement {using=css selector, value=input[name='username']}]
Capabilities {acceptInsecureCerts: false, browserName: chrome, browserVersion: 116.0.5845.188, chrome: {chromedriverVersion: 116.0.5845.96 (1a3918166880..., userDataDir: C:\Users\selwa\AppData\Loca...}, fedcm:accounts: true, goog:chromeOptions: {debuggerAddress: localhost:49482}, networkConnectionEnabled: false, pageLoadStrategy: normal, platformName: windows, proxy: Proxy(), se:cdp: ws://localhost:49482/devtoo..., se:cdpVersion: 116.0.5845.188, setWindowRect: true, strictFileInteractability: false, timeouts: {implicit: 0, pageLoad: 300000, script: 30000}, unhandledPromptBehavior: dismiss and notify, webauthn:extension:credBlob: true, webauthn:extension:largeBlob: true, webauthn:extension:minPinLength: true, webauthn:extension:prf: true, webauthn:virtualAuthenticators: true}
Session ID: 0c4f3ccc73c974cbd8a55a7c7bbe1b93
	at java.base/jdk.internal.reflect.DirectConstructorHandleAccessor.newInstance(DirectConstructorHandleAccessor.java:67)
	at java.base/java.lang.reflect.Constructor.newInstanceWithCaller(Constructor.java:500)
	at java.base/java.lang.reflect.Constructor.newInstance(Constructor.java:484)
	at org.openqa.selenium.remote.codec.w3c.W3CHttpResponseCodec.createException(W3CHttpResponseCodec.java:200)
	at org.openqa.selenium.remote.codec.w3c.W3CHttpResponseCodec.decode(W3CHttpResponseCodec.java:133)
	at org.openqa.selenium.remote.codec.w3c.W3CHttpResponseCodec.decode(W3CHttpResponseCodec.java:52)
	at org.openqa.selenium.remote.HttpCommandExecutor.execute(HttpCommandExecutor.java:191)
	at org.openqa.selenium.remote.service.DriverCommandExecutor.invokeExecute(DriverCommandExecutor.java:196)
	at org.openqa.selenium.remote.service.DriverCommandExecutor.execute(DriverCommandExecutor.java:171)
	at org.openqa.selenium.remote.RemoteWebDriver.execute(RemoteWebDriver.java:518)
	at org.openqa.selenium.remote.ElementLocation$ElementFinder$2.findElement(ElementLocation.java:165)
	at org.openqa.selenium.remote.ElementLocation.findElement(ElementLocation.java:59)
	at org.openqa.selenium.remote.RemoteWebDriver.findElement(RemoteWebDriver.java:355)
	at org.openqa.selenium.remote.RemoteWebDriver.findElement(RemoteWebDriver.java:349)
	at org.openqa.selenium.support.pagefactory.DefaultElementLocator.findElement(DefaultElementLocator.java:68)
	at org.openqa.selenium.support.pagefactory.internal.LocatingElementHandler.invoke(LocatingElementHandler.java:38)
	at jdk.proxy2/jdk.proxy2.$Proxy23.isDisplayed(Unknown Source)
	at org.openqa.selenium.support.ui.ExpectedConditions.elementIfVisible(ExpectedConditions.java:304)
	at org.openqa.selenium.support.ui.ExpectedConditions.access$000(ExpectedConditions.java:37)
	at org.openqa.selenium.support.ui.ExpectedConditions$10.apply(ExpectedConditions.java:290)
	at org.openqa.selenium.support.ui.ExpectedConditions$10.apply(ExpectedConditions.java:287)
	at org.openqa.selenium.support.ui.FluentWait.until(FluentWait.java:205)
	at Pages.LoginPage.setUserNameTextBox(LoginPage.java:33)
	at StepDefinitions.LoginSteps.setUserName(LoginSteps.java:14)
	at java.base/jdk.internal.reflect.DirectMethodHandleAccessor.invoke(DirectMethodHandleAccessor.java:104)
	at java.base/java.lang.reflect.Method.invoke(Method.java:578)
	at io.cucumber.java.Invoker.doInvoke(Invoker.java:66)
	at io.cucumber.java.Invoker.invoke(Invoker.java:24)
	at io.cucumber.java.AbstractGlueDefinition.invokeMethod(AbstractGlueDefinition.java:47)
	at io.cucumber.java.JavaStepDefinition.execute(JavaStepDefinition.java:29)
	at io.cucumber.core.runner.CoreStepDefinition.execute(CoreStepDefinition.java:66)
	at io.cucumber.core.runner.PickleStepDefinitionMatch.runStep(PickleStepDefinitionMatch.java:63)
	at io.cucumber.core.runner.ExecutionMode$1.execute(ExecutionMode.java:10)
	at io.cucumber.core.runner.TestStep.executeStep(TestStep.java:84)
	at io.cucumber.core.runner.TestStep.run(TestStep.java:56)
	at io.cucumber.core.runner.PickleStepTestStep.run(PickleStepTestStep.java:51)
	at io.cucumber.core.runner.TestCase.run(TestCase.java:84)
	at io.cucumber.core.runner.Runner.runPickle(Runner.java:75)
	at io.cucumber.junit.PickleRunners$NoStepDescriptions.lambda$run$0(PickleRunners.java:151)
	at io.cucumber.core.runtime.CucumberExecutionContext.lambda$runTestCase$5(CucumberExecutionContext.java:137)
	at io.cucumber.core.runtime.RethrowingThrowableCollector.executeAndThrow(RethrowingThrowableCollector.java:23)
	at io.cucumber.core.runtime.CucumberExecutionContext.runTestCase(CucumberExecutionContext.java:137)
	at io.cucumber.junit.PickleRunners$NoStepDescriptions.run(PickleRunners.java:148)
	at io.cucumber.junit.FeatureRunner.runChild(FeatureRunner.java:144)
	at io.cucumber.junit.FeatureRunner.runChild(FeatureRunner.java:28)
	at org.junit.runners.ParentRunner$4.run(ParentRunner.java:331)
	at org.junit.runners.ParentRunner$1.schedule(ParentRunner.java:79)
	at org.junit.runners.ParentRunner.runChildren(ParentRunner.java:329)
	at org.junit.runners.ParentRunner.access$100(ParentRunner.java:66)
	at org.junit.runners.ParentRunner$2.evaluate(ParentRunner.java:293)
	at org.junit.runners.ParentRunner$3.evaluate(ParentRunner.java:306)
	at org.junit.runners.ParentRunner.run(ParentRunner.java:413)
	at io.cucumber.junit.FeatureRunner.run(FeatureRunner.java:137)
	at io.cucumber.junit.Cucumber.runChild(Cucumber.java:196)
	at io.cucumber.junit.Cucumber.runChild(Cucumber.java:89)
	at org.junit.runners.ParentRunner$4.run(ParentRunner.java:331)
	at org.junit.runners.ParentRunner$1.schedule(ParentRunner.java:79)
	at org.junit.runners.ParentRunner.runChildren(ParentRunner.java:329)
	at org.junit.runners.ParentRunner.access$100(ParentRunner.java:66)
	at org.junit.runners.ParentRunner$2.evaluate(ParentRunner.java:293)
	at io.cucumber.core.runtime.CucumberExecutionContext.lambda$runFeatures$6(CucumberExecutionContext.java:148)
	at io.cucumber.core.runtime.CucumberExecutionContext.execute(CucumberExecutionContext.java:163)
	at io.cucumber.core.runtime.CucumberExecutionContext.runFeatures(CucumberExecutionContext.java:146)
	at io.cucumber.junit.Cucumber$StartAndFinishTestRun.evaluate(Cucumber.java:226)
	at org.junit.runners.ParentRunner$3.evaluate(ParentRunner.java:306)
	at org.junit.runners.ParentRunner.run(ParentRunner.java:413)
	at org.junit.runner.JUnitCore.run(JUnitCore.java:137)
	at com.intellij.junit4.JUnit4IdeaTestRunner.startRunnerWithArgs(JUnit4IdeaTestRunner.java:69)
	at com.intellij.rt.junit.IdeaTestRunner$Repeater$1.execute(IdeaTestRunner.java:38)
	at com.intellij.rt.execution.junit.TestsRepeater.repeat(TestsRepeater.java:11)
	at com.intellij.rt.junit.IdeaTestRunner$Repeater.startRunnerWithArgs(IdeaTestRunner.java:35)
	at com.intellij.rt.junit.JUnitStarter.prepareStreamsAndStart(JUnitStarter.java:232)
	at com.intellij.rt.junit.JUnitStarter.main(JUnitStarter.java:55)
</textarea>
										</td>
									</tr>
								</tbody>
							</table>
						</div>
					</div>
				</li>
				<li class='exception displayed active'>
					<div class='exception-heading'>
						<span class='exception-name'>org.opentest4j.AssertionFailedError</span>
						<span class='exception-count right'><span class='label red lighten-1 white-text'>1</span></span>
					</div>
					<div class='exception-content hide'>
						<div class='exception-tests'>
							<table class='bordered table-results'>
								<thead>
									<tr>
										<th>Timestamp</th>
										<th>TestName</th>
										<th>StackTrace</th>
									</tr>
								</thead>
								<tbody>
									<tr>
										<td>sept 15, 2023 08:40:50 p. m.</td>
										<td class='linked' test-id='103'>And I verify employee "Jennifer" was deleted correctly</td>
										<td>
											<textarea disabled class="code-block">org.opentest4j.AssertionFailedError: expected: <false> but was: <true>
	at org.junit.jupiter.api.AssertionFailureBuilder.build(AssertionFailureBuilder.java:151)
	at org.junit.jupiter.api.AssertionFailureBuilder.buildAndThrow(AssertionFailureBuilder.java:132)
	at org.junit.jupiter.api.AssertFalse.failNotFalse(AssertFalse.java:63)
	at org.junit.jupiter.api.AssertFalse.assertFalse(AssertFalse.java:36)
	at org.junit.jupiter.api.AssertFalse.assertFalse(AssertFalse.java:31)
	at org.junit.jupiter.api.Assertions.assertFalse(Assertions.java:227)
	at StepDefinitions.PIMSteps.verifyEmployeeCorrectlyDeleted(PIMSteps.java:94)
	at ✽.I verify employee "Jennifer" was deleted correctly(file:///D:/1UNIVERSIDAD/CERTIFICACIÓN%20II/ProyectoFinal/src/test/resources/PIM.feature:31)
</textarea>
										</td>
									</tr>
								</tbody>
							</table>
						</div>
					</div>
				</li>
			</ul>
		</div>
	</div>
	<div class='subview-right left'>
		<div class='view-summary'>
			<h5 class='exception-name'></h5>
		</div>
	</div>
</div>
<!-- exception view --><div id='dashboard-view' class='view hide'>
	<div class='card-panel transparent np-v'>
		<h5>Dashboard</h5>

		<div class='row'>
			<div class='col s2'>
				<div class='card-panel r'>
					Features
					<div class='panel-lead'>4</div>
				</div>
			</div>
			<div class='col s2'>
				<div class='card-panel r'>
					Scenarios
					<div class='panel-lead'>11</div>
				</div>
			</div>
			<div class='col s2'>
				<div class='card-panel r'>
					Steps
					<div class='panel-lead'>107</div>
				</div>
			</div>
			<div class='col s2'>
				<div class='card-panel r'>
					Start
					<div class='panel-lead'>sept 15, 2023 08:38:40 p. m.</div>
				</div>
			</div>
			<div class='col s2'>
				<div class='card-panel r'>
			 		End
			 		<div class='panel-lead'>sept 15, 2023 08:41:39 p. m.</div>
				</div>
			</div>
			<div class='col s2'>
				<div class='card-panel r'>
					Time Taken
					<div class='panel-lead'>00 02 58.656</div>
				</div>
			</div>
			<div class='col s6'>
				<div class='card-panel dashboard-categories'>
					<span class='right label cyan white-text'>Categories</span><p>&nbsp;</p>
					
					<table>
						<tr>
							<th>Name</th>
							<th>Passed</th>
							<th>Failed</th>
							<th>Skipped</th>
							<th>Passed %</th>
						</tr>
						<tr>
							<td>@AddEmployee</td>
							<td>4</td>
							<td>0</td>
							<td>0</td>
							<td>
									100%
							</td>
						</tr>
						<tr>
							<td>@DeleteEmployee</td>
							<td>1</td>
							<td>3</td>
							<td>0</td>
							<td>
									25%
							</td>
						</tr>
						<tr>
							<td>@AddPost</td>
							<td>1</td>
							<td>0</td>
							<td>0</td>
							<td>
									100%
							</td>
						</tr>
						<tr>
							<td>@loginWithValidCredentials</td>
							<td>1</td>
							<td>0</td>
							<td>0</td>
							<td>
									100%
							</td>
						</tr>
						<tr>
							<td>@AddLocation</td>
							<td>1</td>
							<td>0</td>
							<td>0</td>
							<td>
									100%
							</td>
						</tr>
					</table>
				</div>
			</div>
		</div>
	</div>
</div>
<!-- dashboard view -->
		</div>
		<!-- container -->
		<script>
			var statusGroup = {
                parentCount: 4,
				passParent: 3,
				failParent: 1,
				fatalParent: 0,
				errorParent: 0,
				warningParent: 0,
				skipParent: 0,
				childCount: 11,
				passChild: 8,
				failChild: 3,
				fatalChild: 0,
				errorChild: 0,
				warningChild: 0,
				skipChild: 0,
				infoChild: 0,
				grandChildCount: 107,
				passGrandChild: 89,
				failGrandChild: 3,
				fatalGrandChild: 0,
				errorGrandChild: 0,
				warningGrandChild: 0,
				skipGrandChild: 15,
				infoGrandChild: 0,
			};
			</script>
		
		<script>
			var timeline = {
			        "Admin Orange Demo Page":24.634,"Buzz Orange Demo Page":7.712,"Login Orange Demo App":4.998,"PIM Orange Demo Page":140.418
			};
		</script>
		
		  <script src='http://cdn.jsdelivr.net/gh/extent-framework/extent-github-cdn@ff53917fbbdb5ef820abbbe4d199a6942dc771ff/v3html/js/extent.js' type='text/javascript'></script>
		
		
		<script type='text/javascript'>
				
		</script> 

	</body>
</html>